==943681== Memcheck, a memory error detector
==943681== Copyright (C) 2002-2017, and GNU GPL'd, by Julian Seward et al.
==943681== Using Valgrind-3.18.1 and LibVEX; rerun with -h for copyright info
==943681== Command: ./cub3D Cub3D-Destroyer/maps/maps_buged/colors_with__right_nbr_commas_1nbr.cub
==943681== 
==943681== Invalid read of size 1
==943681==    at 0x404DAD: ft_atoi (in /mnt/nfs/homes/jsauvage/Documents/cub3d/cub3D)
==943681==    by 0x4032F7: save_rgb_in_indentifier (parsing_identifier.c:40)
==943681==    by 0x4035F0: identifier_manager (parsing_identifier.c:77)
==943681==    by 0x403119: parser (parsing.c:95)
==943681==    by 0x402D08: main (main.c:196)
==943681==  Address 0x0 is not stack'd, malloc'd or (recently) free'd
==943681== 
==943681== 
==943681== Process terminating with default action of signal 11 (SIGSEGV)
==943681==  Access not within mapped region at address 0x0
==943681==    at 0x404DAD: ft_atoi (in /mnt/nfs/homes/jsauvage/Documents/cub3d/cub3D)
==943681==    by 0x4032F7: save_rgb_in_indentifier (parsing_identifier.c:40)
==943681==    by 0x4035F0: identifier_manager (parsing_identifier.c:77)
==943681==    by 0x403119: parser (parsing.c:95)
==943681==    by 0x402D08: main (main.c:196)
==943681==  If you believe this happened as a result of a stack
==943681==  overflow in your program's main thread (unlikely but
==943681==  possible), you can try to increase the size of the
==943681==  main thread stack using the --main-stacksize= flag.
==943681==  The main thread stack size used in this run was 8388608.
==943681== 
==943681== FILE DESCRIPTORS: 4 open (3 std) at exit.
==943681== Open file descriptor 3: Cub3D-Destroyer/maps/maps_buged/colors_with__right_nbr_commas_1nbr.cub
==943681==    at 0x4BE16EB: open (open64.c:41)
==943681==    by 0x4030DC: parser (parsing.c:89)
==943681==    by 0x402D08: main (main.c:196)
==943681== 
==943681== 
==943681== HEAP SUMMARY:
==943681==     in use at exit: 302 bytes in 14 blocks
==943681==   total heap usage: 213 allocs, 199 frees, 1,972 bytes allocated
==943681== 
==943681== 2 bytes in 1 blocks are still reachable in loss record 1 of 12
==943681==    at 0x4848899: malloc (in /usr/libexec/valgrind/vgpreload_memcheck-amd64-linux.so)
==943681==    by 0x405786: clean_tmp (in /mnt/nfs/homes/jsauvage/Documents/cub3d/cub3D)
==943681==    by 0x4058B8: get_next_line (in /mnt/nfs/homes/jsauvage/Documents/cub3d/cub3D)
==943681==    by 0x40312A: parser (parsing.c:97)
==943681==    by 0x402D08: main (main.c:196)
==943681== 
==943681== 4 bytes in 2 blocks are still reachable in loss record 2 of 12
==943681==    at 0x4848899: malloc (in /usr/libexec/valgrind/vgpreload_memcheck-amd64-linux.so)
==943681==    by 0x4050EA: ft_split (in /mnt/nfs/homes/jsauvage/Documents/cub3d/cub3D)
==943681==    by 0x403283: save_rgb_in_indentifier (parsing_identifier.c:31)
==943681==    by 0x4035F0: identifier_manager (parsing_identifier.c:77)
==943681==    by 0x403119: parser (parsing.c:95)
==943681==    by 0x402D08: main (main.c:196)
==943681== 
==943681== 7 bytes in 1 blocks are still reachable in loss record 3 of 12
==943681==    at 0x4848899: malloc (in /usr/libexec/valgrind/vgpreload_memcheck-amd64-linux.so)
==943681==    by 0x405A3E: generate_line (in /mnt/nfs/homes/jsauvage/Documents/cub3d/cub3D)
==943681==    by 0x405502: extract_line (in /mnt/nfs/homes/jsauvage/Documents/cub3d/cub3D)
==943681==    by 0x4058AC: get_next_line (in /mnt/nfs/homes/jsauvage/Documents/cub3d/cub3D)
==943681==    by 0x40312A: parser (parsing.c:97)
==943681==    by 0x402D08: main (main.c:196)
==943681== 
==943681== 7 bytes in 2 blocks are still reachable in loss record 4 of 12
==943681==    at 0x4848899: malloc (in /usr/libexec/valgrind/vgpreload_memcheck-amd64-linux.so)
==943681==    by 0x4050EA: ft_split (in /mnt/nfs/homes/jsauvage/Documents/cub3d/cub3D)
==943681==    by 0x40326D: save_rgb_in_indentifier (parsing_identifier.c:30)
==943681==    by 0x4035F0: identifier_manager (parsing_identifier.c:77)
==943681==    by 0x403119: parser (parsing.c:95)
==943681==    by 0x402D08: main (main.c:196)
==943681== 
==943681== 16 bytes in 1 blocks are still reachable in loss record 5 of 12
==943681==    at 0x4848899: malloc (in /usr/libexec/valgrind/vgpreload_memcheck-amd64-linux.so)
==943681==    by 0x4056CA: clean_tmp (in /mnt/nfs/homes/jsauvage/Documents/cub3d/cub3D)
==943681==    by 0x4058B8: get_next_line (in /mnt/nfs/homes/jsauvage/Documents/cub3d/cub3D)
==943681==    by 0x40312A: parser (parsing.c:97)
==943681==    by 0x402D08: main (main.c:196)
==943681== 
==943681== 18 bytes in 1 blocks are still reachable in loss record 6 of 12
==943681==    at 0x4848899: malloc (in /usr/libexec/valgrind/vgpreload_memcheck-amd64-linux.so)
==943681==    by 0x4044B1: strdup_no_breakline (utils.c:44)
==943681==    by 0x40322C: save_string_in_identifier (parsing_identifier.c:21)
==943681==    by 0x40354B: identifier_manager (parsing_identifier.c:71)
==943681==    by 0x403119: parser (parsing.c:95)
==943681==    by 0x402D08: main (main.c:196)
==943681== 
==943681== 18 bytes in 1 blocks are still reachable in loss record 7 of 12
==943681==    at 0x4848899: malloc (in /usr/libexec/valgrind/vgpreload_memcheck-amd64-linux.so)
==943681==    by 0x4044B1: strdup_no_breakline (utils.c:44)
==943681==    by 0x40322C: save_string_in_identifier (parsing_identifier.c:21)
==943681==    by 0x403582: identifier_manager (parsing_identifier.c:73)
==943681==    by 0x403119: parser (parsing.c:95)
==943681==    by 0x402D08: main (main.c:196)
==943681== 
==943681== 19 bytes in 1 blocks are still reachable in loss record 8 of 12
==943681==    at 0x4848899: malloc (in /usr/libexec/valgrind/vgpreload_memcheck-amd64-linux.so)
==943681==    by 0x4044B1: strdup_no_breakline (utils.c:44)
==943681==    by 0x40322C: save_string_in_identifier (parsing_identifier.c:21)
==943681==    by 0x4034DD: identifier_manager (parsing_identifier.c:67)
==943681==    by 0x403119: parser (parsing.c:95)
==943681==    by 0x402D08: main (main.c:196)
==943681== 
==943681== 19 bytes in 1 blocks are still reachable in loss record 9 of 12
==943681==    at 0x4848899: malloc (in /usr/libexec/valgrind/vgpreload_memcheck-amd64-linux.so)
==943681==    by 0x4044B1: strdup_no_breakline (utils.c:44)
==943681==    by 0x40322C: save_string_in_identifier (parsing_identifier.c:21)
==943681==    by 0x403514: identifier_manager (parsing_identifier.c:69)
==943681==    by 0x403119: parser (parsing.c:95)
==943681==    by 0x402D08: main (main.c:196)
==943681== 
==943681== 24 bytes in 1 blocks are still reachable in loss record 10 of 12
==943681==    at 0x4848899: malloc (in /usr/libexec/valgrind/vgpreload_memcheck-amd64-linux.so)
==943681==    by 0x40506C: ft_split (in /mnt/nfs/homes/jsauvage/Documents/cub3d/cub3D)
==943681==    by 0x40326D: save_rgb_in_indentifier (parsing_identifier.c:30)
==943681==    by 0x4035F0: identifier_manager (parsing_identifier.c:77)
==943681==    by 0x403119: parser (parsing.c:95)
==943681==    by 0x402D08: main (main.c:196)
==943681== 
==943681== 24 bytes in 1 blocks are still reachable in loss record 11 of 12
==943681==    at 0x4848899: malloc (in /usr/libexec/valgrind/vgpreload_memcheck-amd64-linux.so)
==943681==    by 0x40506C: ft_split (in /mnt/nfs/homes/jsauvage/Documents/cub3d/cub3D)
==943681==    by 0x403283: save_rgb_in_indentifier (parsing_identifier.c:31)
==943681==    by 0x4035F0: identifier_manager (parsing_identifier.c:77)
==943681==    by 0x403119: parser (parsing.c:95)
==943681==    by 0x402D08: main (main.c:196)
==943681== 
==943681== 144 bytes in 1 blocks are still reachable in loss record 12 of 12
==943681==    at 0x4848899: malloc (in /usr/libexec/valgrind/vgpreload_memcheck-amd64-linux.so)
==943681==    by 0x402CE1: main (main.c:194)
==943681== 
==943681== LEAK SUMMARY:
==943681==    definitely lost: 0 bytes in 0 blocks
==943681==    indirectly lost: 0 bytes in 0 blocks
==943681==      possibly lost: 0 bytes in 0 blocks
==943681==    still reachable: 302 bytes in 14 blocks
==943681==         suppressed: 0 bytes in 0 blocks
==943681== 
==943681== For lists of detected and suppressed errors, rerun with: -s
==943681== ERROR SUMMARY: 1 errors from 1 contexts (suppressed: 0 from 0)
