==932824== Memcheck, a memory error detector
==932824== Copyright (C) 2002-2017, and GNU GPL'd, by Julian Seward et al.
==932824== Using Valgrind-3.18.1 and LibVEX; rerun with -h for copyright info
==932824== Command: ./cub3D Cub3D-Destroyer/maps/maps_buged/colors_with__right_nbr_commas_1nbr4.cub
==932824== 
==932824== Invalid read of size 1
==932824==    at 0x404F97: ft_atoi (in /mnt/nfs/homes/jsauvage/Documents/cub3d/cub3D)
==932824==    by 0x403428: save_rgb_in_indentifier (parsing_identifier.c:33)
==932824==    by 0x403730: identifier_manager (parsing_identifier.c:71)
==932824==    by 0x403299: parser (parsing.c:95)
==932824==    by 0x402DD5: main (main.c:247)
==932824==  Address 0x0 is not stack'd, malloc'd or (recently) free'd
==932824== 
==932824== 
==932824== Process terminating with default action of signal 11 (SIGSEGV)
==932824==  Access not within mapped region at address 0x0
==932824==    at 0x404F97: ft_atoi (in /mnt/nfs/homes/jsauvage/Documents/cub3d/cub3D)
==932824==    by 0x403428: save_rgb_in_indentifier (parsing_identifier.c:33)
==932824==    by 0x403730: identifier_manager (parsing_identifier.c:71)
==932824==    by 0x403299: parser (parsing.c:95)
==932824==    by 0x402DD5: main (main.c:247)
==932824==  If you believe this happened as a result of a stack
==932824==  overflow in your program's main thread (unlikely but
==932824==  possible), you can try to increase the size of the
==932824==  main thread stack using the --main-stacksize= flag.
==932824==  The main thread stack size used in this run was 8388608.
==932824== 
==932824== FILE DESCRIPTORS: 4 open (3 std) at exit.
==932824== Open file descriptor 3: Cub3D-Destroyer/maps/maps_buged/colors_with__right_nbr_commas_1nbr4.cub
==932824==    at 0x4BE16EB: open (open64.c:41)
==932824==    by 0x40325C: parser (parsing.c:89)
==932824==    by 0x402DD5: main (main.c:247)
==932824== 
==932824== 
==932824== HEAP SUMMARY:
==932824==     in use at exit: 293 bytes in 13 blocks
==932824==   total heap usage: 212 allocs, 199 frees, 1,963 bytes allocated
==932824== 
==932824== 2 bytes in 1 blocks are still reachable in loss record 1 of 12
==932824==    at 0x4848899: malloc (in /usr/libexec/valgrind/vgpreload_memcheck-amd64-linux.so)
==932824==    by 0x405970: clean_tmp (in /mnt/nfs/homes/jsauvage/Documents/cub3d/cub3D)
==932824==    by 0x405AA2: get_next_line (in /mnt/nfs/homes/jsauvage/Documents/cub3d/cub3D)
==932824==    by 0x4032AA: parser (parsing.c:97)
==932824==    by 0x402DD5: main (main.c:247)
==932824== 
==932824== 3 bytes in 1 blocks are still reachable in loss record 2 of 12
==932824==    at 0x4848899: malloc (in /usr/libexec/valgrind/vgpreload_memcheck-amd64-linux.so)
==932824==    by 0x4052D4: ft_split (in /mnt/nfs/homes/jsauvage/Documents/cub3d/cub3D)
==932824==    by 0x403403: save_rgb_in_indentifier (parsing_identifier.c:31)
==932824==    by 0x403730: identifier_manager (parsing_identifier.c:71)
==932824==    by 0x403299: parser (parsing.c:95)
==932824==    by 0x402DD5: main (main.c:247)
==932824== 
==932824== 7 bytes in 1 blocks are still reachable in loss record 3 of 12
==932824==    at 0x4848899: malloc (in /usr/libexec/valgrind/vgpreload_memcheck-amd64-linux.so)
==932824==    by 0x405C28: generate_line (in /mnt/nfs/homes/jsauvage/Documents/cub3d/cub3D)
==932824==    by 0x4056EC: extract_line (in /mnt/nfs/homes/jsauvage/Documents/cub3d/cub3D)
==932824==    by 0x405A96: get_next_line (in /mnt/nfs/homes/jsauvage/Documents/cub3d/cub3D)
==932824==    by 0x4032AA: parser (parsing.c:97)
==932824==    by 0x402DD5: main (main.c:247)
==932824== 
==932824== 7 bytes in 2 blocks are still reachable in loss record 4 of 12
==932824==    at 0x4848899: malloc (in /usr/libexec/valgrind/vgpreload_memcheck-amd64-linux.so)
==932824==    by 0x4052D4: ft_split (in /mnt/nfs/homes/jsauvage/Documents/cub3d/cub3D)
==932824==    by 0x4033ED: save_rgb_in_indentifier (parsing_identifier.c:30)
==932824==    by 0x403730: identifier_manager (parsing_identifier.c:71)
==932824==    by 0x403299: parser (parsing.c:95)
==932824==    by 0x402DD5: main (main.c:247)
==932824== 
==932824== 16 bytes in 1 blocks are still reachable in loss record 5 of 12
==932824==    at 0x4848899: malloc (in /usr/libexec/valgrind/vgpreload_memcheck-amd64-linux.so)
==932824==    by 0x4058B4: clean_tmp (in /mnt/nfs/homes/jsauvage/Documents/cub3d/cub3D)
==932824==    by 0x405AA2: get_next_line (in /mnt/nfs/homes/jsauvage/Documents/cub3d/cub3D)
==932824==    by 0x4032AA: parser (parsing.c:97)
==932824==    by 0x402DD5: main (main.c:247)
==932824== 
==932824== 16 bytes in 1 blocks are still reachable in loss record 6 of 12
==932824==    at 0x4848899: malloc (in /usr/libexec/valgrind/vgpreload_memcheck-amd64-linux.so)
==932824==    by 0x405256: ft_split (in /mnt/nfs/homes/jsauvage/Documents/cub3d/cub3D)
==932824==    by 0x403403: save_rgb_in_indentifier (parsing_identifier.c:31)
==932824==    by 0x403730: identifier_manager (parsing_identifier.c:71)
==932824==    by 0x403299: parser (parsing.c:95)
==932824==    by 0x402DD5: main (main.c:247)
==932824== 
==932824== 18 bytes in 1 blocks are still reachable in loss record 7 of 12
==932824==    at 0x4848899: malloc (in /usr/libexec/valgrind/vgpreload_memcheck-amd64-linux.so)
==932824==    by 0x4045F1: strdup_no_breakline (utils.c:44)
==932824==    by 0x4033AC: save_string_in_identifier (parsing_identifier.c:21)
==932824==    by 0x40368B: identifier_manager (parsing_identifier.c:65)
==932824==    by 0x403299: parser (parsing.c:95)
==932824==    by 0x402DD5: main (main.c:247)
==932824== 
==932824== 18 bytes in 1 blocks are still reachable in loss record 8 of 12
==932824==    at 0x4848899: malloc (in /usr/libexec/valgrind/vgpreload_memcheck-amd64-linux.so)
==932824==    by 0x4045F1: strdup_no_breakline (utils.c:44)
==932824==    by 0x4033AC: save_string_in_identifier (parsing_identifier.c:21)
==932824==    by 0x4036C2: identifier_manager (parsing_identifier.c:67)
==932824==    by 0x403299: parser (parsing.c:95)
==932824==    by 0x402DD5: main (main.c:247)
==932824== 
==932824== 19 bytes in 1 blocks are still reachable in loss record 9 of 12
==932824==    at 0x4848899: malloc (in /usr/libexec/valgrind/vgpreload_memcheck-amd64-linux.so)
==932824==    by 0x4045F1: strdup_no_breakline (utils.c:44)
==932824==    by 0x4033AC: save_string_in_identifier (parsing_identifier.c:21)
==932824==    by 0x40361D: identifier_manager (parsing_identifier.c:61)
==932824==    by 0x403299: parser (parsing.c:95)
==932824==    by 0x402DD5: main (main.c:247)
==932824== 
==932824== 19 bytes in 1 blocks are still reachable in loss record 10 of 12
==932824==    at 0x4848899: malloc (in /usr/libexec/valgrind/vgpreload_memcheck-amd64-linux.so)
==932824==    by 0x4045F1: strdup_no_breakline (utils.c:44)
==932824==    by 0x4033AC: save_string_in_identifier (parsing_identifier.c:21)
==932824==    by 0x403654: identifier_manager (parsing_identifier.c:63)
==932824==    by 0x403299: parser (parsing.c:95)
==932824==    by 0x402DD5: main (main.c:247)
==932824== 
==932824== 24 bytes in 1 blocks are still reachable in loss record 11 of 12
==932824==    at 0x4848899: malloc (in /usr/libexec/valgrind/vgpreload_memcheck-amd64-linux.so)
==932824==    by 0x405256: ft_split (in /mnt/nfs/homes/jsauvage/Documents/cub3d/cub3D)
==932824==    by 0x4033ED: save_rgb_in_indentifier (parsing_identifier.c:30)
==932824==    by 0x403730: identifier_manager (parsing_identifier.c:71)
==932824==    by 0x403299: parser (parsing.c:95)
==932824==    by 0x402DD5: main (main.c:247)
==932824== 
==932824== 144 bytes in 1 blocks are still reachable in loss record 12 of 12
==932824==    at 0x4848899: malloc (in /usr/libexec/valgrind/vgpreload_memcheck-amd64-linux.so)
==932824==    by 0x402DA5: main (main.c:242)
==932824== 
==932824== LEAK SUMMARY:
==932824==    definitely lost: 0 bytes in 0 blocks
==932824==    indirectly lost: 0 bytes in 0 blocks
==932824==      possibly lost: 0 bytes in 0 blocks
==932824==    still reachable: 293 bytes in 13 blocks
==932824==         suppressed: 0 bytes in 0 blocks
==932824== 
==932824== For lists of detected and suppressed errors, rerun with: -s
==932824== ERROR SUMMARY: 1 errors from 1 contexts (suppressed: 0 from 0)
