==944245== Memcheck, a memory error detector
==944245== Copyright (C) 2002-2017, and GNU GPL'd, by Julian Seward et al.
==944245== Using Valgrind-3.18.1 and LibVEX; rerun with -h for copyright info
==944245== Command: ./cub3D Cub3D-Destroyer/maps/maps_buged/olors_with__right_nbr_cmmas_misplaced_nbrs.cub
==944245== 
==944245== Invalid read of size 1
==944245==    at 0x404DAD: ft_atoi (in /mnt/nfs/homes/jsauvage/Documents/cub3d/cub3D)
==944245==    by 0x4032E1: save_rgb_in_indentifier (parsing_identifier.c:39)
==944245==    by 0x4035F0: identifier_manager (parsing_identifier.c:77)
==944245==    by 0x403119: parser (parsing.c:95)
==944245==    by 0x402D08: main (main.c:196)
==944245==  Address 0x0 is not stack'd, malloc'd or (recently) free'd
==944245== 
==944245== 
==944245== Process terminating with default action of signal 11 (SIGSEGV)
==944245==  Access not within mapped region at address 0x0
==944245==    at 0x404DAD: ft_atoi (in /mnt/nfs/homes/jsauvage/Documents/cub3d/cub3D)
==944245==    by 0x4032E1: save_rgb_in_indentifier (parsing_identifier.c:39)
==944245==    by 0x4035F0: identifier_manager (parsing_identifier.c:77)
==944245==    by 0x403119: parser (parsing.c:95)
==944245==    by 0x402D08: main (main.c:196)
==944245==  If you believe this happened as a result of a stack
==944245==  overflow in your program's main thread (unlikely but
==944245==  possible), you can try to increase the size of the
==944245==  main thread stack using the --main-stacksize= flag.
==944245==  The main thread stack size used in this run was 8388608.
==944245== 
==944245== FILE DESCRIPTORS: 4 open (3 std) at exit.
==944245== Open file descriptor 3: Cub3D-Destroyer/maps/maps_buged/olors_with__right_nbr_cmmas_misplaced_nbrs.cub
==944245==    at 0x4BE16EB: open (open64.c:41)
==944245==    by 0x4030DC: parser (parsing.c:89)
==944245==    by 0x402D08: main (main.c:196)
==944245== 
==944245== 
==944245== HEAP SUMMARY:
==944245==     in use at exit: 293 bytes in 13 blocks
==944245==   total heap usage: 212 allocs, 199 frees, 1,963 bytes allocated
==944245== 
==944245== 2 bytes in 1 blocks are still reachable in loss record 1 of 12
==944245==    at 0x4848899: malloc (in /usr/libexec/valgrind/vgpreload_memcheck-amd64-linux.so)
==944245==    by 0x405786: clean_tmp (in /mnt/nfs/homes/jsauvage/Documents/cub3d/cub3D)
==944245==    by 0x4058B8: get_next_line (in /mnt/nfs/homes/jsauvage/Documents/cub3d/cub3D)
==944245==    by 0x40312A: parser (parsing.c:97)
==944245==    by 0x402D08: main (main.c:196)
==944245== 
==944245== 3 bytes in 1 blocks are still reachable in loss record 2 of 12
==944245==    at 0x4848899: malloc (in /usr/libexec/valgrind/vgpreload_memcheck-amd64-linux.so)
==944245==    by 0x4050EA: ft_split (in /mnt/nfs/homes/jsauvage/Documents/cub3d/cub3D)
==944245==    by 0x403283: save_rgb_in_indentifier (parsing_identifier.c:31)
==944245==    by 0x4035F0: identifier_manager (parsing_identifier.c:77)
==944245==    by 0x403119: parser (parsing.c:95)
==944245==    by 0x402D08: main (main.c:196)
==944245== 
==944245== 7 bytes in 1 blocks are still reachable in loss record 3 of 12
==944245==    at 0x4848899: malloc (in /usr/libexec/valgrind/vgpreload_memcheck-amd64-linux.so)
==944245==    by 0x405A3E: generate_line (in /mnt/nfs/homes/jsauvage/Documents/cub3d/cub3D)
==944245==    by 0x405502: extract_line (in /mnt/nfs/homes/jsauvage/Documents/cub3d/cub3D)
==944245==    by 0x4058AC: get_next_line (in /mnt/nfs/homes/jsauvage/Documents/cub3d/cub3D)
==944245==    by 0x40312A: parser (parsing.c:97)
==944245==    by 0x402D08: main (main.c:196)
==944245== 
==944245== 7 bytes in 2 blocks are still reachable in loss record 4 of 12
==944245==    at 0x4848899: malloc (in /usr/libexec/valgrind/vgpreload_memcheck-amd64-linux.so)
==944245==    by 0x4050EA: ft_split (in /mnt/nfs/homes/jsauvage/Documents/cub3d/cub3D)
==944245==    by 0x40326D: save_rgb_in_indentifier (parsing_identifier.c:30)
==944245==    by 0x4035F0: identifier_manager (parsing_identifier.c:77)
==944245==    by 0x403119: parser (parsing.c:95)
==944245==    by 0x402D08: main (main.c:196)
==944245== 
==944245== 16 bytes in 1 blocks are still reachable in loss record 5 of 12
==944245==    at 0x4848899: malloc (in /usr/libexec/valgrind/vgpreload_memcheck-amd64-linux.so)
==944245==    by 0x4056CA: clean_tmp (in /mnt/nfs/homes/jsauvage/Documents/cub3d/cub3D)
==944245==    by 0x4058B8: get_next_line (in /mnt/nfs/homes/jsauvage/Documents/cub3d/cub3D)
==944245==    by 0x40312A: parser (parsing.c:97)
==944245==    by 0x402D08: main (main.c:196)
==944245== 
==944245== 16 bytes in 1 blocks are still reachable in loss record 6 of 12
==944245==    at 0x4848899: malloc (in /usr/libexec/valgrind/vgpreload_memcheck-amd64-linux.so)
==944245==    by 0x40506C: ft_split (in /mnt/nfs/homes/jsauvage/Documents/cub3d/cub3D)
==944245==    by 0x403283: save_rgb_in_indentifier (parsing_identifier.c:31)
==944245==    by 0x4035F0: identifier_manager (parsing_identifier.c:77)
==944245==    by 0x403119: parser (parsing.c:95)
==944245==    by 0x402D08: main (main.c:196)
==944245== 
==944245== 18 bytes in 1 blocks are still reachable in loss record 7 of 12
==944245==    at 0x4848899: malloc (in /usr/libexec/valgrind/vgpreload_memcheck-amd64-linux.so)
==944245==    by 0x4044B1: strdup_no_breakline (utils.c:44)
==944245==    by 0x40322C: save_string_in_identifier (parsing_identifier.c:21)
==944245==    by 0x40354B: identifier_manager (parsing_identifier.c:71)
==944245==    by 0x403119: parser (parsing.c:95)
==944245==    by 0x402D08: main (main.c:196)
==944245== 
==944245== 18 bytes in 1 blocks are still reachable in loss record 8 of 12
==944245==    at 0x4848899: malloc (in /usr/libexec/valgrind/vgpreload_memcheck-amd64-linux.so)
==944245==    by 0x4044B1: strdup_no_breakline (utils.c:44)
==944245==    by 0x40322C: save_string_in_identifier (parsing_identifier.c:21)
==944245==    by 0x403582: identifier_manager (parsing_identifier.c:73)
==944245==    by 0x403119: parser (parsing.c:95)
==944245==    by 0x402D08: main (main.c:196)
==944245== 
==944245== 19 bytes in 1 blocks are still reachable in loss record 9 of 12
==944245==    at 0x4848899: malloc (in /usr/libexec/valgrind/vgpreload_memcheck-amd64-linux.so)
==944245==    by 0x4044B1: strdup_no_breakline (utils.c:44)
==944245==    by 0x40322C: save_string_in_identifier (parsing_identifier.c:21)
==944245==    by 0x4034DD: identifier_manager (parsing_identifier.c:67)
==944245==    by 0x403119: parser (parsing.c:95)
==944245==    by 0x402D08: main (main.c:196)
==944245== 
==944245== 19 bytes in 1 blocks are still reachable in loss record 10 of 12
==944245==    at 0x4848899: malloc (in /usr/libexec/valgrind/vgpreload_memcheck-amd64-linux.so)
==944245==    by 0x4044B1: strdup_no_breakline (utils.c:44)
==944245==    by 0x40322C: save_string_in_identifier (parsing_identifier.c:21)
==944245==    by 0x403514: identifier_manager (parsing_identifier.c:69)
==944245==    by 0x403119: parser (parsing.c:95)
==944245==    by 0x402D08: main (main.c:196)
==944245== 
==944245== 24 bytes in 1 blocks are still reachable in loss record 11 of 12
==944245==    at 0x4848899: malloc (in /usr/libexec/valgrind/vgpreload_memcheck-amd64-linux.so)
==944245==    by 0x40506C: ft_split (in /mnt/nfs/homes/jsauvage/Documents/cub3d/cub3D)
==944245==    by 0x40326D: save_rgb_in_indentifier (parsing_identifier.c:30)
==944245==    by 0x4035F0: identifier_manager (parsing_identifier.c:77)
==944245==    by 0x403119: parser (parsing.c:95)
==944245==    by 0x402D08: main (main.c:196)
==944245== 
==944245== 144 bytes in 1 blocks are still reachable in loss record 12 of 12
==944245==    at 0x4848899: malloc (in /usr/libexec/valgrind/vgpreload_memcheck-amd64-linux.so)
==944245==    by 0x402CE1: main (main.c:194)
==944245== 
==944245== LEAK SUMMARY:
==944245==    definitely lost: 0 bytes in 0 blocks
==944245==    indirectly lost: 0 bytes in 0 blocks
==944245==      possibly lost: 0 bytes in 0 blocks
==944245==    still reachable: 293 bytes in 13 blocks
==944245==         suppressed: 0 bytes in 0 blocks
==944245== 
==944245== For lists of detected and suppressed errors, rerun with: -s
==944245== ERROR SUMMARY: 1 errors from 1 contexts (suppressed: 0 from 0)
