==933802== Memcheck, a memory error detector
==933802== Copyright (C) 2002-2017, and GNU GPL'd, by Julian Seward et al.
==933802== Using Valgrind-3.18.1 and LibVEX; rerun with -h for copyright info
==933802== Command: ./cub3D Cub3D-Destroyer/maps/maps_buged/white_spaces_everywhere.cub
==933802== 
==933802== Invalid read of size 1
==933802==    at 0x404F97: ft_atoi (in /mnt/nfs/homes/jsauvage/Documents/cub3d/cub3D)
==933802==    by 0x403428: save_rgb_in_indentifier (parsing_identifier.c:33)
==933802==    by 0x4036F9: identifier_manager (parsing_identifier.c:69)
==933802==    by 0x403299: parser (parsing.c:95)
==933802==    by 0x402DD5: main (main.c:247)
==933802==  Address 0x0 is not stack'd, malloc'd or (recently) free'd
==933802== 
==933802== 
==933802== Process terminating with default action of signal 11 (SIGSEGV)
==933802==  Access not within mapped region at address 0x0
==933802==    at 0x404F97: ft_atoi (in /mnt/nfs/homes/jsauvage/Documents/cub3d/cub3D)
==933802==    by 0x403428: save_rgb_in_indentifier (parsing_identifier.c:33)
==933802==    by 0x4036F9: identifier_manager (parsing_identifier.c:69)
==933802==    by 0x403299: parser (parsing.c:95)
==933802==    by 0x402DD5: main (main.c:247)
==933802==  If you believe this happened as a result of a stack
==933802==  overflow in your program's main thread (unlikely but
==933802==  possible), you can try to increase the size of the
==933802==  main thread stack using the --main-stacksize= flag.
==933802==  The main thread stack size used in this run was 8388608.
==933802== 
==933802== FILE DESCRIPTORS: 4 open (3 std) at exit.
==933802== Open file descriptor 3: Cub3D-Destroyer/maps/maps_buged/white_spaces_everywhere.cub
==933802==    at 0x4BE16EB: open (open64.c:41)
==933802==    by 0x40325C: parser (parsing.c:89)
==933802==    by 0x402DD5: main (main.c:247)
==933802== 
==933802== 
==933802== HEAP SUMMARY:
==933802==     in use at exit: 297 bytes in 12 blocks
==933802==   total heap usage: 436 allocs, 424 frees, 3,669 bytes allocated
==933802== 
==933802== 1 bytes in 1 blocks are still reachable in loss record 1 of 10
==933802==    at 0x4848899: malloc (in /usr/libexec/valgrind/vgpreload_memcheck-amd64-linux.so)
==933802==    by 0x405970: clean_tmp (in /mnt/nfs/homes/jsauvage/Documents/cub3d/cub3D)
==933802==    by 0x405AA2: get_next_line (in /mnt/nfs/homes/jsauvage/Documents/cub3d/cub3D)
==933802==    by 0x4032AA: parser (parsing.c:97)
==933802==    by 0x402DD5: main (main.c:247)
==933802== 
==933802== 2 bytes in 1 blocks are still reachable in loss record 2 of 10
==933802==    at 0x4848899: malloc (in /usr/libexec/valgrind/vgpreload_memcheck-amd64-linux.so)
==933802==    by 0x4052D4: ft_split (in /mnt/nfs/homes/jsauvage/Documents/cub3d/cub3D)
==933802==    by 0x403403: save_rgb_in_indentifier (parsing_identifier.c:31)
==933802==    by 0x4036F9: identifier_manager (parsing_identifier.c:69)
==933802==    by 0x403299: parser (parsing.c:95)
==933802==    by 0x402DD5: main (main.c:247)
==933802== 
==933802== 10 bytes in 3 blocks are still reachable in loss record 3 of 10
==933802==    at 0x4848899: malloc (in /usr/libexec/valgrind/vgpreload_memcheck-amd64-linux.so)
==933802==    by 0x4052D4: ft_split (in /mnt/nfs/homes/jsauvage/Documents/cub3d/cub3D)
==933802==    by 0x4033ED: save_rgb_in_indentifier (parsing_identifier.c:30)
==933802==    by 0x4036F9: identifier_manager (parsing_identifier.c:69)
==933802==    by 0x403299: parser (parsing.c:95)
==933802==    by 0x402DD5: main (main.c:247)
==933802== 
==933802== 16 bytes in 1 blocks are still reachable in loss record 4 of 10
==933802==    at 0x4848899: malloc (in /usr/libexec/valgrind/vgpreload_memcheck-amd64-linux.so)
==933802==    by 0x4058B4: clean_tmp (in /mnt/nfs/homes/jsauvage/Documents/cub3d/cub3D)
==933802==    by 0x405AA2: get_next_line (in /mnt/nfs/homes/jsauvage/Documents/cub3d/cub3D)
==933802==    by 0x4032AA: parser (parsing.c:97)
==933802==    by 0x402DD5: main (main.c:247)
==933802== 
==933802== 16 bytes in 1 blocks are still reachable in loss record 5 of 10
==933802==    at 0x4848899: malloc (in /usr/libexec/valgrind/vgpreload_memcheck-amd64-linux.so)
==933802==    by 0x405256: ft_split (in /mnt/nfs/homes/jsauvage/Documents/cub3d/cub3D)
==933802==    by 0x403403: save_rgb_in_indentifier (parsing_identifier.c:31)
==933802==    by 0x4036F9: identifier_manager (parsing_identifier.c:69)
==933802==    by 0x403299: parser (parsing.c:95)
==933802==    by 0x402DD5: main (main.c:247)
==933802== 
==933802== 18 bytes in 1 blocks are still reachable in loss record 6 of 10
==933802==    at 0x4848899: malloc (in /usr/libexec/valgrind/vgpreload_memcheck-amd64-linux.so)
==933802==    by 0x4045F1: strdup_no_breakline (utils.c:44)
==933802==    by 0x4033AC: save_string_in_identifier (parsing_identifier.c:21)
==933802==    by 0x4036C2: identifier_manager (parsing_identifier.c:67)
==933802==    by 0x403299: parser (parsing.c:95)
==933802==    by 0x402DD5: main (main.c:247)
==933802== 
==933802== 19 bytes in 1 blocks are still reachable in loss record 7 of 10
==933802==    at 0x4848899: malloc (in /usr/libexec/valgrind/vgpreload_memcheck-amd64-linux.so)
==933802==    by 0x4045F1: strdup_no_breakline (utils.c:44)
==933802==    by 0x4033AC: save_string_in_identifier (parsing_identifier.c:21)
==933802==    by 0x40361D: identifier_manager (parsing_identifier.c:61)
==933802==    by 0x403299: parser (parsing.c:95)
==933802==    by 0x402DD5: main (main.c:247)
==933802== 
==933802== 32 bytes in 1 blocks are still reachable in loss record 8 of 10
==933802==    at 0x4848899: malloc (in /usr/libexec/valgrind/vgpreload_memcheck-amd64-linux.so)
==933802==    by 0x405256: ft_split (in /mnt/nfs/homes/jsauvage/Documents/cub3d/cub3D)
==933802==    by 0x4033ED: save_rgb_in_indentifier (parsing_identifier.c:30)
==933802==    by 0x4036F9: identifier_manager (parsing_identifier.c:69)
==933802==    by 0x403299: parser (parsing.c:95)
==933802==    by 0x402DD5: main (main.c:247)
==933802== 
==933802== 39 bytes in 1 blocks are still reachable in loss record 9 of 10
==933802==    at 0x4848899: malloc (in /usr/libexec/valgrind/vgpreload_memcheck-amd64-linux.so)
==933802==    by 0x405C28: generate_line (in /mnt/nfs/homes/jsauvage/Documents/cub3d/cub3D)
==933802==    by 0x4056EC: extract_line (in /mnt/nfs/homes/jsauvage/Documents/cub3d/cub3D)
==933802==    by 0x405A96: get_next_line (in /mnt/nfs/homes/jsauvage/Documents/cub3d/cub3D)
==933802==    by 0x4032AA: parser (parsing.c:97)
==933802==    by 0x402DD5: main (main.c:247)
==933802== 
==933802== 144 bytes in 1 blocks are still reachable in loss record 10 of 10
==933802==    at 0x4848899: malloc (in /usr/libexec/valgrind/vgpreload_memcheck-amd64-linux.so)
==933802==    by 0x402DA5: main (main.c:242)
==933802== 
==933802== LEAK SUMMARY:
==933802==    definitely lost: 0 bytes in 0 blocks
==933802==    indirectly lost: 0 bytes in 0 blocks
==933802==      possibly lost: 0 bytes in 0 blocks
==933802==    still reachable: 297 bytes in 12 blocks
==933802==         suppressed: 0 bytes in 0 blocks
==933802== 
==933802== For lists of detected and suppressed errors, rerun with: -s
==933802== ERROR SUMMARY: 1 errors from 1 contexts (suppressed: 0 from 0)
