==773868== Memcheck, a memory error detector
==773868== Copyright (C) 2002-2017, and GNU GPL'd, by Julian Seward et al.
==773868== Using Valgrind-3.18.1 and LibVEX; rerun with -h for copyright info
==773868== Command: ./cub3D Cub3D-Destroyer/maps/maps_buged/1st_protected_texture.cub
==773868== 
==773868== Conditional jump or move depends on uninitialised value(s)
==773868==    at 0x404374: check_wall (valid_map_close.c:49)
==773868==    by 0x403F43: check_map_wall (valid_map.c:72)
==773868==    by 0x4040FB: check_valid_map (valid_map.c:113)
==773868==    by 0x40317F: main (main.c:112)
==773868== 
==773868== Conditional jump or move depends on uninitialised value(s)
==773868==    at 0x40439A: check_wall (valid_map_close.c:49)
==773868==    by 0x403F43: check_map_wall (valid_map.c:72)
==773868==    by 0x4040FB: check_valid_map (valid_map.c:113)
==773868==    by 0x40317F: main (main.c:112)
==773868== 
==773868== Conditional jump or move depends on uninitialised value(s)
==773868==    at 0x4043B1: check_wall (valid_map_close.c:51)
==773868==    by 0x403F43: check_map_wall (valid_map.c:72)
==773868==    by 0x4040FB: check_valid_map (valid_map.c:113)
==773868==    by 0x40317F: main (main.c:112)
==773868== 
Error
Incorrect close wall
==773868== 
==773868== FILE DESCRIPTORS: 3 open (3 std) at exit.
==773868== 
==773868== HEAP SUMMARY:
==773868==     in use at exit: 0 bytes in 0 blocks
==773868==   total heap usage: 3,263 allocs, 3,263 frees, 32,160 bytes allocated
==773868== 
==773868== All heap blocks were freed -- no leaks are possible
==773868== 
==773868== Use --track-origins=yes to see where uninitialised values come from
==773868== For lists of detected and suppressed errors, rerun with: -s
==773868== ERROR SUMMARY: 3 errors from 3 contexts (suppressed: 0 from 0)
