==773853== Memcheck, a memory error detector
==773853== Copyright (C) 2002-2017, and GNU GPL'd, by Julian Seward et al.
==773853== Using Valgrind-3.18.1 and LibVEX; rerun with -h for copyright info
==773853== Command: ./cub3D Cub3D-Destroyer/maps/maps_buged/1st_protected_texture_copy.cub
==773853== 
==773853== Conditional jump or move depends on uninitialised value(s)
==773853==    at 0x404374: check_wall (valid_map_close.c:49)
==773853==    by 0x403F43: check_map_wall (valid_map.c:72)
==773853==    by 0x4040FB: check_valid_map (valid_map.c:113)
==773853==    by 0x40317F: main (main.c:112)
==773853== 
==773853== Conditional jump or move depends on uninitialised value(s)
==773853==    at 0x40439A: check_wall (valid_map_close.c:49)
==773853==    by 0x403F43: check_map_wall (valid_map.c:72)
==773853==    by 0x4040FB: check_valid_map (valid_map.c:113)
==773853==    by 0x40317F: main (main.c:112)
==773853== 
==773853== Conditional jump or move depends on uninitialised value(s)
==773853==    at 0x4043B1: check_wall (valid_map_close.c:51)
==773853==    by 0x403F43: check_map_wall (valid_map.c:72)
==773853==    by 0x4040FB: check_valid_map (valid_map.c:113)
==773853==    by 0x40317F: main (main.c:112)
==773853== 
Error
Incorrect close wall
==773853== 
==773853== FILE DESCRIPTORS: 3 open (3 std) at exit.
==773853== 
==773853== HEAP SUMMARY:
==773853==     in use at exit: 0 bytes in 0 blocks
==773853==   total heap usage: 3,232 allocs, 3,232 frees, 31,862 bytes allocated
==773853== 
==773853== All heap blocks were freed -- no leaks are possible
==773853== 
==773853== Use --track-origins=yes to see where uninitialised values come from
==773853== For lists of detected and suppressed errors, rerun with: -s
==773853== ERROR SUMMARY: 3 errors from 3 contexts (suppressed: 0 from 0)
