==946521== Memcheck, a memory error detector
==946521== Copyright (C) 2002-2017, and GNU GPL'd, by Julian Seward et al.
==946521== Using Valgrind-3.18.1 and LibVEX; rerun with -h for copyright info
==946521== Command: ./cub3D Cub3D-Destroyer/maps/maps_buged/1st_protected_texture_copy_3.cub
==946521== 
Error
Incorrect void next to space
==946521== 
==946521== FILE DESCRIPTORS: 4 open (3 std) at exit.
==946521== Open file descriptor 3: Cub3D-Destroyer/maps/maps_buged/1st_protected_texture_copy_3.cub
==946521==    at 0x4BE16EB: open (open64.c:41)
==946521==    by 0x403180: parser (parsing.c:102)
==946521==    by 0x402D08: main (main.c:196)
==946521== 
==946521== 
==946521== HEAP SUMMARY:
==946521==     in use at exit: 0 bytes in 0 blocks
==946521==   total heap usage: 2,986 allocs, 2,986 frees, 29,712 bytes allocated
==946521== 
==946521== All heap blocks were freed -- no leaks are possible
==946521== 
==946521== For lists of detected and suppressed errors, rerun with: -s
==946521== ERROR SUMMARY: 0 errors from 0 contexts (suppressed: 0 from 0)
