==932688== Memcheck, a memory error detector
==932688== Copyright (C) 2002-2017, and GNU GPL'd, by Julian Seward et al.
==932688== Using Valgrind-3.18.1 and LibVEX; rerun with -h for copyright info
==932688== Command: ./cub3D Cub3D-Destroyer/maps/maps_buged/1st_protected_texture_copy_4.cub
==932688== 
Error
Incorrect void next to space
==932688== 
==932688== FILE DESCRIPTORS: 4 open (3 std) at exit.
==932688== Open file descriptor 3: Cub3D-Destroyer/maps/maps_buged/1st_protected_texture_copy_4.cub
==932688==    at 0x4BE16EB: open (open64.c:41)
==932688==    by 0x403300: parser (parsing.c:102)
==932688==    by 0x402DD5: main (main.c:247)
==932688== 
==932688== 
==932688== HEAP SUMMARY:
==932688==     in use at exit: 0 bytes in 0 blocks
==932688==   total heap usage: 2,980 allocs, 2,980 frees, 29,650 bytes allocated
==932688== 
==932688== All heap blocks were freed -- no leaks are possible
==932688== 
==932688== For lists of detected and suppressed errors, rerun with: -s
==932688== ERROR SUMMARY: 0 errors from 0 contexts (suppressed: 0 from 0)
