==932658== Memcheck, a memory error detector
==932658== Copyright (C) 2002-2017, and GNU GPL'd, by Julian Seward et al.
==932658== Using Valgrind-3.18.1 and LibVEX; rerun with -h for copyright info
==932658== Command: ./cub3D Cub3D-Destroyer/maps/maps_buged/1st_protected_texture_copy_2.cub
==932658== 
Error
Incorrect void next to space
==932658== 
==932658== FILE DESCRIPTORS: 4 open (3 std) at exit.
==932658== Open file descriptor 3: Cub3D-Destroyer/maps/maps_buged/1st_protected_texture_copy_2.cub
==932658==    at 0x4BE16EB: open (open64.c:41)
==932658==    by 0x403300: parser (parsing.c:102)
==932658==    by 0x402DD5: main (main.c:247)
==932658== 
==932658== 
==932658== HEAP SUMMARY:
==932658==     in use at exit: 0 bytes in 0 blocks
==932658==   total heap usage: 2,986 allocs, 2,986 frees, 29,714 bytes allocated
==932658== 
==932658== All heap blocks were freed -- no leaks are possible
==932658== 
==932658== For lists of detected and suppressed errors, rerun with: -s
==932658== ERROR SUMMARY: 0 errors from 0 contexts (suppressed: 0 from 0)
