==774175== Memcheck, a memory error detector
==774175== Copyright (C) 2002-2017, and GNU GPL'd, by Julian Seward et al.
==774175== Using Valgrind-3.18.1 and LibVEX; rerun with -h for copyright info
==774175== Command: ./cub3D Cub3D-Destroyer/maps/maps_buged/c_colors_wrong.cub
==774175== 
==774175== Conditional jump or move depends on uninitialised value(s)
==774175==    at 0x404374: check_wall (valid_map_close.c:49)
==774175==    by 0x403F43: check_map_wall (valid_map.c:72)
==774175==    by 0x4040FB: check_valid_map (valid_map.c:113)
==774175==    by 0x40317F: main (main.c:112)
==774175== 
==774175== Conditional jump or move depends on uninitialised value(s)
==774175==    at 0x40439A: check_wall (valid_map_close.c:49)
==774175==    by 0x403F43: check_map_wall (valid_map.c:72)
==774175==    by 0x4040FB: check_valid_map (valid_map.c:113)
==774175==    by 0x40317F: main (main.c:112)
==774175== 
==774175== Conditional jump or move depends on uninitialised value(s)
==774175==    at 0x4043B1: check_wall (valid_map_close.c:51)
==774175==    by 0x403F43: check_map_wall (valid_map.c:72)
==774175==    by 0x4040FB: check_valid_map (valid_map.c:113)
==774175==    by 0x40317F: main (main.c:112)
==774175== 
Error
Incorrect close wall
==774175== 
==774175== FILE DESCRIPTORS: 3 open (3 std) at exit.
==774175== 
==774175== HEAP SUMMARY:
==774175==     in use at exit: 0 bytes in 0 blocks
==774175==   total heap usage: 3,179 allocs, 3,179 frees, 31,378 bytes allocated
==774175== 
==774175== All heap blocks were freed -- no leaks are possible
==774175== 
==774175== Use --track-origins=yes to see where uninitialised values come from
==774175== For lists of detected and suppressed errors, rerun with: -s
==774175== ERROR SUMMARY: 3 errors from 3 contexts (suppressed: 0 from 0)
