==946621== Memcheck, a memory error detector
==946621== Copyright (C) 2002-2017, and GNU GPL'd, by Julian Seward et al.
==946621== Using Valgrind-3.18.1 and LibVEX; rerun with -h for copyright info
==946621== Command: ./cub3D Cub3D-Destroyer/maps/maps_buged/colors_with__right_nbr_commas_1nbr2.cub
==946621== 
Error
Incorrect void next to space
==946621== 
==946621== FILE DESCRIPTORS: 4 open (3 std) at exit.
==946621== Open file descriptor 3: Cub3D-Destroyer/maps/maps_buged/colors_with__right_nbr_commas_1nbr2.cub
==946621==    at 0x4BE16EB: open (open64.c:41)
==946621==    by 0x403180: parser (parsing.c:102)
==946621==    by 0x402D08: main (main.c:196)
==946621== 
==946621== 
==946621== HEAP SUMMARY:
==946621==     in use at exit: 0 bytes in 0 blocks
==946621==   total heap usage: 2,950 allocs, 2,950 frees, 29,365 bytes allocated
==946621== 
==946621== All heap blocks were freed -- no leaks are possible
==946621== 
==946621== For lists of detected and suppressed errors, rerun with: -s
==946621== ERROR SUMMARY: 0 errors from 0 contexts (suppressed: 0 from 0)
