==946636== Memcheck, a memory error detector
==946636== Copyright (C) 2002-2017, and GNU GPL'd, by Julian Seward et al.
==946636== Using Valgrind-3.18.1 and LibVEX; rerun with -h for copyright info
==946636== Command: ./cub3D Cub3D-Destroyer/maps/maps_buged/colors_with__right_nbr_commas_1nbr3.cub
==946636== 
Error
Incorrect void next to space
==946636== 
==946636== FILE DESCRIPTORS: 4 open (3 std) at exit.
==946636== Open file descriptor 3: Cub3D-Destroyer/maps/maps_buged/colors_with__right_nbr_commas_1nbr3.cub
==946636==    at 0x4BE16EB: open (open64.c:41)
==946636==    by 0x403180: parser (parsing.c:102)
==946636==    by 0x402D08: main (main.c:196)
==946636== 
==946636== 
==946636== HEAP SUMMARY:
==946636==     in use at exit: 0 bytes in 0 blocks
==946636==   total heap usage: 2,949 allocs, 2,949 frees, 29,356 bytes allocated
==946636== 
==946636== All heap blocks were freed -- no leaks are possible
==946636== 
==946636== For lists of detected and suppressed errors, rerun with: -s
==946636== ERROR SUMMARY: 0 errors from 0 contexts (suppressed: 0 from 0)
