==946606== Memcheck, a memory error detector
==946606== Copyright (C) 2002-2017, and GNU GPL'd, by Julian Seward et al.
==946606== Using Valgrind-3.18.1 and LibVEX; rerun with -h for copyright info
==946606== Command: ./cub3D Cub3D-Destroyer/maps/maps_buged/colors_wiht_only_commas.cub
==946606== 
Error
Incorrect void next to space
==946606== 
==946606== FILE DESCRIPTORS: 4 open (3 std) at exit.
==946606== Open file descriptor 3: Cub3D-Destroyer/maps/maps_buged/colors_wiht_only_commas.cub
==946606==    at 0x4BE16EB: open (open64.c:41)
==946606==    by 0x403180: parser (parsing.c:102)
==946606==    by 0x402D08: main (main.c:196)
==946606== 
==946606== 
==946606== HEAP SUMMARY:
==946606==     in use at exit: 0 bytes in 0 blocks
==946606==   total heap usage: 2,949 allocs, 2,949 frees, 29,355 bytes allocated
==946606== 
==946606== All heap blocks were freed -- no leaks are possible
==946606== 
==946606== For lists of detected and suppressed errors, rerun with: -s
==946606== ERROR SUMMARY: 0 errors from 0 contexts (suppressed: 0 from 0)
