==774254== Memcheck, a memory error detector
==774254== Copyright (C) 2002-2017, and GNU GPL'd, by Julian Seward et al.
==774254== Using Valgrind-3.18.1 and LibVEX; rerun with -h for copyright info
==774254== Command: ./cub3D Cub3D-Destroyer/maps/maps_buged/colors_with__right_nbr_commas_1nbr.cub
==774254== 
==774254== Conditional jump or move depends on uninitialised value(s)
==774254==    at 0x404374: check_wall (valid_map_close.c:49)
==774254==    by 0x403F43: check_map_wall (valid_map.c:72)
==774254==    by 0x4040FB: check_valid_map (valid_map.c:113)
==774254==    by 0x40317F: main (main.c:112)
==774254== 
==774254== Conditional jump or move depends on uninitialised value(s)
==774254==    at 0x40439A: check_wall (valid_map_close.c:49)
==774254==    by 0x403F43: check_map_wall (valid_map.c:72)
==774254==    by 0x4040FB: check_valid_map (valid_map.c:113)
==774254==    by 0x40317F: main (main.c:112)
==774254== 
==774254== Conditional jump or move depends on uninitialised value(s)
==774254==    at 0x4043B1: check_wall (valid_map_close.c:51)
==774254==    by 0x403F43: check_map_wall (valid_map.c:72)
==774254==    by 0x4040FB: check_valid_map (valid_map.c:113)
==774254==    by 0x40317F: main (main.c:112)
==774254== 
Error
Incorrect close wall
==774254== 
==774254== FILE DESCRIPTORS: 3 open (3 std) at exit.
==774254== 
==774254== HEAP SUMMARY:
==774254==     in use at exit: 0 bytes in 0 blocks
==774254==   total heap usage: 3,185 allocs, 3,185 frees, 31,449 bytes allocated
==774254== 
==774254== All heap blocks were freed -- no leaks are possible
==774254== 
==774254== Use --track-origins=yes to see where uninitialised values come from
==774254== For lists of detected and suppressed errors, rerun with: -s
==774254== ERROR SUMMARY: 3 errors from 3 contexts (suppressed: 0 from 0)
