==774239== Memcheck, a memory error detector
==774239== Copyright (C) 2002-2017, and GNU GPL'd, by Julian Seward et al.
==774239== Using Valgrind-3.18.1 and LibVEX; rerun with -h for copyright info
==774239== Command: ./cub3D Cub3D-Destroyer/maps/maps_buged/colors_with__right_nbr_commas_1nbr4.cub
==774239== 
==774239== Conditional jump or move depends on uninitialised value(s)
==774239==    at 0x404374: check_wall (valid_map_close.c:49)
==774239==    by 0x403F43: check_map_wall (valid_map.c:72)
==774239==    by 0x4040FB: check_valid_map (valid_map.c:113)
==774239==    by 0x40317F: main (main.c:112)
==774239== 
==774239== Conditional jump or move depends on uninitialised value(s)
==774239==    at 0x40439A: check_wall (valid_map_close.c:49)
==774239==    by 0x403F43: check_map_wall (valid_map.c:72)
==774239==    by 0x4040FB: check_valid_map (valid_map.c:113)
==774239==    by 0x40317F: main (main.c:112)
==774239== 
==774239== Conditional jump or move depends on uninitialised value(s)
==774239==    at 0x4043B1: check_wall (valid_map_close.c:51)
==774239==    by 0x403F43: check_map_wall (valid_map.c:72)
==774239==    by 0x4040FB: check_valid_map (valid_map.c:113)
==774239==    by 0x40317F: main (main.c:112)
==774239== 
Error
Incorrect close wall
==774239== 
==774239== FILE DESCRIPTORS: 3 open (3 std) at exit.
==774239== 
==774239== HEAP SUMMARY:
==774239==     in use at exit: 0 bytes in 0 blocks
==774239==   total heap usage: 3,184 allocs, 3,184 frees, 31,440 bytes allocated
==774239== 
==774239== All heap blocks were freed -- no leaks are possible
==774239== 
==774239== Use --track-origins=yes to see where uninitialised values come from
==774239== For lists of detected and suppressed errors, rerun with: -s
==774239== ERROR SUMMARY: 3 errors from 3 contexts (suppressed: 0 from 0)
