==946683== Memcheck, a memory error detector
==946683== Copyright (C) 2002-2017, and GNU GPL'd, by Julian Seward et al.
==946683== Using Valgrind-3.18.1 and LibVEX; rerun with -h for copyright info
==946683== Command: ./cub3D Cub3D-Destroyer/maps/maps_buged/colros_with_extracommas_and_nbrs.cub
==946683== 
Error
Incorrect void next to space
==946683== 
==946683== FILE DESCRIPTORS: 4 open (3 std) at exit.
==946683== Open file descriptor 3: Cub3D-Destroyer/maps/maps_buged/colros_with_extracommas_and_nbrs.cub
==946683==    at 0x4BE16EB: open (open64.c:41)
==946683==    by 0x403180: parser (parsing.c:102)
==946683==    by 0x402D08: main (main.c:196)
==946683== 
==946683== 
==946683== HEAP SUMMARY:
==946683==     in use at exit: 0 bytes in 0 blocks
==946683==   total heap usage: 2,976 allocs, 2,976 frees, 29,560 bytes allocated
==946683== 
==946683== All heap blocks were freed -- no leaks are possible
==946683== 
==946683== For lists of detected and suppressed errors, rerun with: -s
==946683== ERROR SUMMARY: 0 errors from 0 contexts (suppressed: 0 from 0)
