==774303== Memcheck, a memory error detector
==774303== Copyright (C) 2002-2017, and GNU GPL'd, by Julian Seward et al.
==774303== Using Valgrind-3.18.1 and LibVEX; rerun with -h for copyright info
==774303== Command: ./cub3D Cub3D-Destroyer/maps/maps_buged/coordinate_names_partially_written_correctly_copy_3.cub
==774303== 
==774303== Conditional jump or move depends on uninitialised value(s)
==774303==    at 0x404374: check_wall (valid_map_close.c:49)
==774303==    by 0x403F43: check_map_wall (valid_map.c:72)
==774303==    by 0x4040FB: check_valid_map (valid_map.c:113)
==774303==    by 0x40317F: main (main.c:112)
==774303== 
==774303== Conditional jump or move depends on uninitialised value(s)
==774303==    at 0x40439A: check_wall (valid_map_close.c:49)
==774303==    by 0x403F43: check_map_wall (valid_map.c:72)
==774303==    by 0x4040FB: check_valid_map (valid_map.c:113)
==774303==    by 0x40317F: main (main.c:112)
==774303== 
==774303== Conditional jump or move depends on uninitialised value(s)
==774303==    at 0x4043B1: check_wall (valid_map_close.c:51)
==774303==    by 0x403F43: check_map_wall (valid_map.c:72)
==774303==    by 0x4040FB: check_valid_map (valid_map.c:113)
==774303==    by 0x40317F: main (main.c:112)
==774303== 
Error
Incorrect close wall
==774303== 
==774303== FILE DESCRIPTORS: 3 open (3 std) at exit.
==774303== 
==774303== HEAP SUMMARY:
==774303==     in use at exit: 0 bytes in 0 blocks
==774303==   total heap usage: 3,100 allocs, 3,100 frees, 30,728 bytes allocated
==774303== 
==774303== All heap blocks were freed -- no leaks are possible
==774303== 
==774303== Use --track-origins=yes to see where uninitialised values come from
==774303== For lists of detected and suppressed errors, rerun with: -s
==774303== ERROR SUMMARY: 3 errors from 3 contexts (suppressed: 0 from 0)
