==946748== Memcheck, a memory error detector
==946748== Copyright (C) 2002-2017, and GNU GPL'd, by Julian Seward et al.
==946748== Using Valgrind-3.18.1 and LibVEX; rerun with -h for copyright info
==946748== Command: ./cub3D Cub3D-Destroyer/maps/maps_buged/coordinate_names_partially_written_correctly.cub
==946748== 
Error
Incorrect void next to space
==946748== 
==946748== FILE DESCRIPTORS: 4 open (3 std) at exit.
==946748== Open file descriptor 3: Cub3D-Destroyer/maps/maps_buged/coordinate_names_partially_written_correctly.cub
==946748==    at 0x4BE16EB: open (open64.c:41)
==946748==    by 0x403180: parser (parsing.c:102)
==946748==    by 0x402D08: main (main.c:196)
==946748== 
==946748== 
==946748== HEAP SUMMARY:
==946748==     in use at exit: 0 bytes in 0 blocks
==946748==   total heap usage: 2,908 allocs, 2,908 frees, 29,035 bytes allocated
==946748== 
==946748== All heap blocks were freed -- no leaks are possible
==946748== 
==946748== For lists of detected and suppressed errors, rerun with: -s
==946748== ERROR SUMMARY: 0 errors from 0 contexts (suppressed: 0 from 0)
