==932882== Memcheck, a memory error detector
==932882== Copyright (C) 2002-2017, and GNU GPL'd, by Julian Seward et al.
==932882== Using Valgrind-3.18.1 and LibVEX; rerun with -h for copyright info
==932882== Command: ./cub3D Cub3D-Destroyer/maps/maps_buged/coordinate_names_partially_written_correctly_copy_2.cub
==932882== 
Error
Incorrect void next to space
==932882== 
==932882== FILE DESCRIPTORS: 4 open (3 std) at exit.
==932882== Open file descriptor 3: Cub3D-Destroyer/maps/maps_buged/coordinate_names_partially_written_correctly_copy_2.cub
==932882==    at 0x4BE16EB: open (open64.c:41)
==932882==    by 0x403300: parser (parsing.c:102)
==932882==    by 0x402DD5: main (main.c:247)
==932882== 
==932882== 
==932882== HEAP SUMMARY:
==932882==     in use at exit: 0 bytes in 0 blocks
==932882==   total heap usage: 2,908 allocs, 2,908 frees, 29,006 bytes allocated
==932882== 
==932882== All heap blocks were freed -- no leaks are possible
==932882== 
==932882== For lists of detected and suppressed errors, rerun with: -s
==932882== ERROR SUMMARY: 0 errors from 0 contexts (suppressed: 0 from 0)
