==932913== Memcheck, a memory error detector
==932913== Copyright (C) 2002-2017, and GNU GPL'd, by Julian Seward et al.
==932913== Using Valgrind-3.18.1 and LibVEX; rerun with -h for copyright info
==932913== Command: ./cub3D Cub3D-Destroyer/maps/maps_buged/coordinate_names_partially_written_correctly_copy.cub
==932913== 
Error
Incorrect void next to space
==932913== 
==932913== FILE DESCRIPTORS: 4 open (3 std) at exit.
==932913== Open file descriptor 3: Cub3D-Destroyer/maps/maps_buged/coordinate_names_partially_written_correctly_copy.cub
==932913==    at 0x4BE16EB: open (open64.c:41)
==932913==    by 0x403300: parser (parsing.c:102)
==932913==    by 0x402DD5: main (main.c:247)
==932913== 
==932913== 
==932913== HEAP SUMMARY:
==932913==     in use at exit: 0 bytes in 0 blocks
==932913==   total heap usage: 2,908 allocs, 2,908 frees, 29,033 bytes allocated
==932913== 
==932913== All heap blocks were freed -- no leaks are possible
==932913== 
==932913== For lists of detected and suppressed errors, rerun with: -s
==932913== ERROR SUMMARY: 0 errors from 0 contexts (suppressed: 0 from 0)
