==774352== Memcheck, a memory error detector
==774352== Copyright (C) 2002-2017, and GNU GPL'd, by Julian Seward et al.
==774352== Using Valgrind-3.18.1 and LibVEX; rerun with -h for copyright info
==774352== Command: ./cub3D Cub3D-Destroyer/maps/maps_buged/coos_wiht_more_commas.cub
==774352== 
==774352== Conditional jump or move depends on uninitialised value(s)
==774352==    at 0x404374: check_wall (valid_map_close.c:49)
==774352==    by 0x403F43: check_map_wall (valid_map.c:72)
==774352==    by 0x4040FB: check_valid_map (valid_map.c:113)
==774352==    by 0x40317F: main (main.c:112)
==774352== 
==774352== Conditional jump or move depends on uninitialised value(s)
==774352==    at 0x40439A: check_wall (valid_map_close.c:49)
==774352==    by 0x403F43: check_map_wall (valid_map.c:72)
==774352==    by 0x4040FB: check_valid_map (valid_map.c:113)
==774352==    by 0x40317F: main (main.c:112)
==774352== 
==774352== Conditional jump or move depends on uninitialised value(s)
==774352==    at 0x4043B1: check_wall (valid_map_close.c:51)
==774352==    by 0x403F43: check_map_wall (valid_map.c:72)
==774352==    by 0x4040FB: check_valid_map (valid_map.c:113)
==774352==    by 0x40317F: main (main.c:112)
==774352== 
Error
Incorrect close wall
==774352== 
==774352== FILE DESCRIPTORS: 3 open (3 std) at exit.
==774352== 
==774352== HEAP SUMMARY:
==774352==     in use at exit: 0 bytes in 0 blocks
==774352==   total heap usage: 3,204 allocs, 3,204 frees, 31,623 bytes allocated
==774352== 
==774352== All heap blocks were freed -- no leaks are possible
==774352== 
==774352== Use --track-origins=yes to see where uninitialised values come from
==774352== For lists of detected and suppressed errors, rerun with: -s
==774352== ERROR SUMMARY: 3 errors from 3 contexts (suppressed: 0 from 0)
