==774480== Memcheck, a memory error detector
==774480== Copyright (C) 2002-2017, and GNU GPL'd, by Julian Seward et al.
==774480== Using Valgrind-3.18.1 and LibVEX; rerun with -h for copyright info
==774480== Command: ./cub3D Cub3D-Destroyer/maps/maps_buged/forbidden_characteres_in_colors_copy_4.cub
==774480== 
==774480== Conditional jump or move depends on uninitialised value(s)
==774480==    at 0x404374: check_wall (valid_map_close.c:49)
==774480==    by 0x403F43: check_map_wall (valid_map.c:72)
==774480==    by 0x4040FB: check_valid_map (valid_map.c:113)
==774480==    by 0x40317F: main (main.c:112)
==774480== 
==774480== Conditional jump or move depends on uninitialised value(s)
==774480==    at 0x40439A: check_wall (valid_map_close.c:49)
==774480==    by 0x403F43: check_map_wall (valid_map.c:72)
==774480==    by 0x4040FB: check_valid_map (valid_map.c:113)
==774480==    by 0x40317F: main (main.c:112)
==774480== 
==774480== Conditional jump or move depends on uninitialised value(s)
==774480==    at 0x4043B1: check_wall (valid_map_close.c:51)
==774480==    by 0x403F43: check_map_wall (valid_map.c:72)
==774480==    by 0x4040FB: check_valid_map (valid_map.c:113)
==774480==    by 0x40317F: main (main.c:112)
==774480== 
Error
Incorrect close wall
==774480== 
==774480== FILE DESCRIPTORS: 3 open (3 std) at exit.
==774480== 
==774480== HEAP SUMMARY:
==774480==     in use at exit: 0 bytes in 0 blocks
==774480==   total heap usage: 2,950 allocs, 2,950 frees, 29,230 bytes allocated
==774480== 
==774480== All heap blocks were freed -- no leaks are possible
==774480== 
==774480== Use --track-origins=yes to see where uninitialised values come from
==774480== For lists of detected and suppressed errors, rerun with: -s
==774480== ERROR SUMMARY: 3 errors from 3 contexts (suppressed: 0 from 0)
