==946876== Memcheck, a memory error detector
==946876== Copyright (C) 2002-2017, and GNU GPL'd, by Julian Seward et al.
==946876== Using Valgrind-3.18.1 and LibVEX; rerun with -h for copyright info
==946876== Command: ./cub3D Cub3D-Destroyer/maps/maps_buged/forbidden_characteres_in_colors_copy_3.cub
==946876== 
Error
Incorrect void next to space
==946876== 
==946876== FILE DESCRIPTORS: 4 open (3 std) at exit.
==946876== Open file descriptor 3: Cub3D-Destroyer/maps/maps_buged/forbidden_characteres_in_colors_copy_3.cub
==946876==    at 0x4BE16EB: open (open64.c:41)
==946876==    by 0x403180: parser (parsing.c:102)
==946876==    by 0x402D08: main (main.c:196)
==946876== 
==946876== 
==946876== HEAP SUMMARY:
==946876==     in use at exit: 0 bytes in 0 blocks
==946876==   total heap usage: 2,902 allocs, 2,902 frees, 28,956 bytes allocated
==946876== 
==946876== All heap blocks were freed -- no leaks are possible
==946876== 
==946876== For lists of detected and suppressed errors, rerun with: -s
==946876== ERROR SUMMARY: 0 errors from 0 contexts (suppressed: 0 from 0)
