==774510== Memcheck, a memory error detector
==774510== Copyright (C) 2002-2017, and GNU GPL'd, by Julian Seward et al.
==774510== Using Valgrind-3.18.1 and LibVEX; rerun with -h for copyright info
==774510== Command: ./cub3D Cub3D-Destroyer/maps/maps_buged/forbidden_characteres_in_colors_copy.cub
==774510== 
==774510== Conditional jump or move depends on uninitialised value(s)
==774510==    at 0x404374: check_wall (valid_map_close.c:49)
==774510==    by 0x403F43: check_map_wall (valid_map.c:72)
==774510==    by 0x4040FB: check_valid_map (valid_map.c:113)
==774510==    by 0x40317F: main (main.c:112)
==774510== 
==774510== Conditional jump or move depends on uninitialised value(s)
==774510==    at 0x40439A: check_wall (valid_map_close.c:49)
==774510==    by 0x403F43: check_map_wall (valid_map.c:72)
==774510==    by 0x4040FB: check_valid_map (valid_map.c:113)
==774510==    by 0x40317F: main (main.c:112)
==774510== 
==774510== Conditional jump or move depends on uninitialised value(s)
==774510==    at 0x4043B1: check_wall (valid_map_close.c:51)
==774510==    by 0x403F43: check_map_wall (valid_map.c:72)
==774510==    by 0x4040FB: check_valid_map (valid_map.c:113)
==774510==    by 0x40317F: main (main.c:112)
==774510== 
Error
Incorrect close wall
==774510== 
==774510== FILE DESCRIPTORS: 3 open (3 std) at exit.
==774510== 
==774510== HEAP SUMMARY:
==774510==     in use at exit: 0 bytes in 0 blocks
==774510==   total heap usage: 2,968 allocs, 2,968 frees, 29,382 bytes allocated
==774510== 
==774510== All heap blocks were freed -- no leaks are possible
==774510== 
==774510== Use --track-origins=yes to see where uninitialised values come from
==774510== For lists of detected and suppressed errors, rerun with: -s
==774510== ERROR SUMMARY: 3 errors from 3 contexts (suppressed: 0 from 0)
