==774495== Memcheck, a memory error detector
==774495== Copyright (C) 2002-2017, and GNU GPL'd, by Julian Seward et al.
==774495== Using Valgrind-3.18.1 and LibVEX; rerun with -h for copyright info
==774495== Command: ./cub3D Cub3D-Destroyer/maps/maps_buged/forbidden_characteres_in_colors_copy_5.cub
==774495== 
==774495== Conditional jump or move depends on uninitialised value(s)
==774495==    at 0x404374: check_wall (valid_map_close.c:49)
==774495==    by 0x403F43: check_map_wall (valid_map.c:72)
==774495==    by 0x4040FB: check_valid_map (valid_map.c:113)
==774495==    by 0x40317F: main (main.c:112)
==774495== 
==774495== Conditional jump or move depends on uninitialised value(s)
==774495==    at 0x40439A: check_wall (valid_map_close.c:49)
==774495==    by 0x403F43: check_map_wall (valid_map.c:72)
==774495==    by 0x4040FB: check_valid_map (valid_map.c:113)
==774495==    by 0x40317F: main (main.c:112)
==774495== 
==774495== Conditional jump or move depends on uninitialised value(s)
==774495==    at 0x4043B1: check_wall (valid_map_close.c:51)
==774495==    by 0x403F43: check_map_wall (valid_map.c:72)
==774495==    by 0x4040FB: check_valid_map (valid_map.c:113)
==774495==    by 0x40317F: main (main.c:112)
==774495== 
Error
Incorrect close wall
==774495== 
==774495== FILE DESCRIPTORS: 3 open (3 std) at exit.
==774495== 
==774495== HEAP SUMMARY:
==774495==     in use at exit: 0 bytes in 0 blocks
==774495==   total heap usage: 3,094 allocs, 3,094 frees, 30,666 bytes allocated
==774495== 
==774495== All heap blocks were freed -- no leaks are possible
==774495== 
==774495== Use --track-origins=yes to see where uninitialised values come from
==774495== For lists of detected and suppressed errors, rerun with: -s
==774495== ERROR SUMMARY: 3 errors from 3 contexts (suppressed: 0 from 0)
