==774559== Memcheck, a memory error detector
==774559== Copyright (C) 2002-2017, and GNU GPL'd, by Julian Seward et al.
==774559== Using Valgrind-3.18.1 and LibVEX; rerun with -h for copyright info
==774559== Command: ./cub3D Cub3D-Destroyer/maps/maps_buged/invalid_RGB_000.cub
==774559== 
==774559== Conditional jump or move depends on uninitialised value(s)
==774559==    at 0x4042A8: check_void_around (valid_map_close.c:25)
==774559==    by 0x404011: check_void_map (valid_map.c:95)
==774559==    by 0x4040CE: check_valid_map (valid_map.c:111)
==774559==    by 0x40317F: main (main.c:112)
==774559== 
Error
Incorrect void next to space
==774559== 
==774559== FILE DESCRIPTORS: 3 open (3 std) at exit.
==774559== 
==774559== HEAP SUMMARY:
==774559==     in use at exit: 0 bytes in 0 blocks
==774559==   total heap usage: 2,955 allocs, 2,955 frees, 29,280 bytes allocated
==774559== 
==774559== All heap blocks were freed -- no leaks are possible
==774559== 
==774559== Use --track-origins=yes to see where uninitialised values come from
==774559== For lists of detected and suppressed errors, rerun with: -s
==774559== ERROR SUMMARY: 1 errors from 1 contexts (suppressed: 0 from 0)
