==933204== Memcheck, a memory error detector
==933204== Copyright (C) 2002-2017, and GNU GPL'd, by Julian Seward et al.
==933204== Using Valgrind-3.18.1 and LibVEX; rerun with -h for copyright info
==933204== Command: ./cub3D Cub3D-Destroyer/maps/maps_buged/invalid_texture_copy_3.cub
==933204== 
Error
Incorrect void next to space
==933204== 
==933204== FILE DESCRIPTORS: 4 open (3 std) at exit.
==933204== Open file descriptor 3: Cub3D-Destroyer/maps/maps_buged/invalid_texture_copy_3.cub
==933204==    at 0x4BE16EB: open (open64.c:41)
==933204==    by 0x403300: parser (parsing.c:102)
==933204==    by 0x402DD5: main (main.c:247)
==933204== 
==933204== 
==933204== HEAP SUMMARY:
==933204==     in use at exit: 0 bytes in 0 blocks
==933204==   total heap usage: 2,980 allocs, 2,980 frees, 29,662 bytes allocated
==933204== 
==933204== All heap blocks were freed -- no leaks are possible
==933204== 
==933204== For lists of detected and suppressed errors, rerun with: -s
==933204== ERROR SUMMARY: 0 errors from 0 contexts (suppressed: 0 from 0)
