==774639== Memcheck, a memory error detector
==774639== Copyright (C) 2002-2017, and GNU GPL'd, by Julian Seward et al.
==774639== Using Valgrind-3.18.1 and LibVEX; rerun with -h for copyright info
==774639== Command: ./cub3D Cub3D-Destroyer/maps/maps_buged/invalid_texture.cub
==774639== 
==774639== Conditional jump or move depends on uninitialised value(s)
==774639==    at 0x404374: check_wall (valid_map_close.c:49)
==774639==    by 0x403F43: check_map_wall (valid_map.c:72)
==774639==    by 0x4040FB: check_valid_map (valid_map.c:113)
==774639==    by 0x40317F: main (main.c:112)
==774639== 
==774639== Conditional jump or move depends on uninitialised value(s)
==774639==    at 0x40439A: check_wall (valid_map_close.c:49)
==774639==    by 0x403F43: check_map_wall (valid_map.c:72)
==774639==    by 0x4040FB: check_valid_map (valid_map.c:113)
==774639==    by 0x40317F: main (main.c:112)
==774639== 
==774639== Conditional jump or move depends on uninitialised value(s)
==774639==    at 0x4043B1: check_wall (valid_map_close.c:51)
==774639==    by 0x403F43: check_map_wall (valid_map.c:72)
==774639==    by 0x4040FB: check_valid_map (valid_map.c:113)
==774639==    by 0x40317F: main (main.c:112)
==774639== 
Error
Incorrect close wall
==774639== 
==774639== FILE DESCRIPTORS: 3 open (3 std) at exit.
==774639== 
==774639== HEAP SUMMARY:
==774639==     in use at exit: 0 bytes in 0 blocks
==774639==   total heap usage: 3,189 allocs, 3,189 frees, 31,450 bytes allocated
==774639== 
==774639== All heap blocks were freed -- no leaks are possible
==774639== 
==774639== Use --track-origins=yes to see where uninitialised values come from
==774639== For lists of detected and suppressed errors, rerun with: -s
==774639== ERROR SUMMARY: 3 errors from 3 contexts (suppressed: 0 from 0)
