==774577== Memcheck, a memory error detector
==774577== Copyright (C) 2002-2017, and GNU GPL'd, by Julian Seward et al.
==774577== Using Valgrind-3.18.1 and LibVEX; rerun with -h for copyright info
==774577== Command: ./cub3D Cub3D-Destroyer/maps/maps_buged/invalid_RGB_001.cub
==774577== 
==774577== Conditional jump or move depends on uninitialised value(s)
==774577==    at 0x4042A8: check_void_around (valid_map_close.c:25)
==774577==    by 0x404011: check_void_map (valid_map.c:95)
==774577==    by 0x4040CE: check_valid_map (valid_map.c:111)
==774577==    by 0x40317F: main (main.c:112)
==774577== 
Error
Incorrect void next to space
==774577== 
==774577== FILE DESCRIPTORS: 3 open (3 std) at exit.
==774577== 
==774577== HEAP SUMMARY:
==774577==     in use at exit: 0 bytes in 0 blocks
==774577==   total heap usage: 2,967 allocs, 2,967 frees, 29,406 bytes allocated
==774577== 
==774577== All heap blocks were freed -- no leaks are possible
==774577== 
==774577== Use --track-origins=yes to see where uninitialised values come from
==774577== For lists of detected and suppressed errors, rerun with: -s
==774577== ERROR SUMMARY: 1 errors from 1 contexts (suppressed: 0 from 0)
