==933221== Memcheck, a memory error detector
==933221== Copyright (C) 2002-2017, and GNU GPL'd, by Julian Seward et al.
==933221== Using Valgrind-3.18.1 and LibVEX; rerun with -h for copyright info
==933221== Command: ./cub3D Cub3D-Destroyer/maps/maps_buged/invalid_texture_copy.cub
==933221== 
Error
Incorrect void next to space
==933221== 
==933221== FILE DESCRIPTORS: 4 open (3 std) at exit.
==933221== Open file descriptor 3: Cub3D-Destroyer/maps/maps_buged/invalid_texture_copy.cub
==933221==    at 0x4BE16EB: open (open64.c:41)
==933221==    by 0x403300: parser (parsing.c:102)
==933221==    by 0x402DD5: main (main.c:247)
==933221== 
==933221== 
==933221== HEAP SUMMARY:
==933221==     in use at exit: 0 bytes in 0 blocks
==933221==   total heap usage: 2,986 allocs, 2,986 frees, 29,682 bytes allocated
==933221== 
==933221== All heap blocks were freed -- no leaks are possible
==933221== 
==933221== For lists of detected and suppressed errors, rerun with: -s
==933221== ERROR SUMMARY: 0 errors from 0 contexts (suppressed: 0 from 0)
