==774593== Memcheck, a memory error detector
==774593== Copyright (C) 2002-2017, and GNU GPL'd, by Julian Seward et al.
==774593== Using Valgrind-3.18.1 and LibVEX; rerun with -h for copyright info
==774593== Command: ./cub3D Cub3D-Destroyer/maps/maps_buged/invalid_texture1.cub
==774593== 
==774593== Conditional jump or move depends on uninitialised value(s)
==774593==    at 0x404374: check_wall (valid_map_close.c:49)
==774593==    by 0x403F43: check_map_wall (valid_map.c:72)
==774593==    by 0x4040FB: check_valid_map (valid_map.c:113)
==774593==    by 0x40317F: main (main.c:112)
==774593== 
==774593== Conditional jump or move depends on uninitialised value(s)
==774593==    at 0x40439A: check_wall (valid_map_close.c:49)
==774593==    by 0x403F43: check_map_wall (valid_map.c:72)
==774593==    by 0x4040FB: check_valid_map (valid_map.c:113)
==774593==    by 0x40317F: main (main.c:112)
==774593== 
==774593== Conditional jump or move depends on uninitialised value(s)
==774593==    at 0x4043B1: check_wall (valid_map_close.c:51)
==774593==    by 0x403F43: check_map_wall (valid_map.c:72)
==774593==    by 0x4040FB: check_valid_map (valid_map.c:113)
==774593==    by 0x40317F: main (main.c:112)
==774593== 
Error
Incorrect close wall
==774593== 
==774593== FILE DESCRIPTORS: 3 open (3 std) at exit.
==774593== 
==774593== HEAP SUMMARY:
==774593==     in use at exit: 0 bytes in 0 blocks
==774593==   total heap usage: 3,220 allocs, 3,220 frees, 31,746 bytes allocated
==774593== 
==774593== All heap blocks were freed -- no leaks are possible
==774593== 
==774593== Use --track-origins=yes to see where uninitialised values come from
==774593== For lists of detected and suppressed errors, rerun with: -s
==774593== ERROR SUMMARY: 3 errors from 3 contexts (suppressed: 0 from 0)
