==947068== Memcheck, a memory error detector
==947068== Copyright (C) 2002-2017, and GNU GPL'd, by Julian Seward et al.
==947068== Using Valgrind-3.18.1 and LibVEX; rerun with -h for copyright info
==947068== Command: ./cub3D Cub3D-Destroyer/maps/maps_buged/maps_start_with_forbidden__copy.cub
==947068== 
Error
Incorrect composant in the map
==947068== 
==947068== FILE DESCRIPTORS: 4 open (3 std) at exit.
==947068== Open file descriptor 3: Cub3D-Destroyer/maps/maps_buged/maps_start_with_forbidden__copy.cub
==947068==    at 0x4BE16EB: open (open64.c:41)
==947068==    by 0x403180: parser (parsing.c:102)
==947068==    by 0x402D08: main (main.c:196)
==947068== 
==947068== 
==947068== HEAP SUMMARY:
==947068==     in use at exit: 0 bytes in 0 blocks
==947068==   total heap usage: 3,228 allocs, 3,228 frees, 32,424 bytes allocated
==947068== 
==947068== All heap blocks were freed -- no leaks are possible
==947068== 
==947068== For lists of detected and suppressed errors, rerun with: -s
==947068== ERROR SUMMARY: 0 errors from 0 contexts (suppressed: 0 from 0)
