==947085== Memcheck, a memory error detector
==947085== Copyright (C) 2002-2017, and GNU GPL'd, by Julian Seward et al.
==947085== Using Valgrind-3.18.1 and LibVEX; rerun with -h for copyright info
==947085== Command: ./cub3D Cub3D-Destroyer/maps/maps_buged/maps_start_with_forbidden_.cub
==947085== 
Error
Incorrect composant in the map
==947085== 
==947085== FILE DESCRIPTORS: 4 open (3 std) at exit.
==947085== Open file descriptor 3: Cub3D-Destroyer/maps/maps_buged/maps_start_with_forbidden_.cub
==947085==    at 0x4BE16EB: open (open64.c:41)
==947085==    by 0x403180: parser (parsing.c:102)
==947085==    by 0x402D08: main (main.c:196)
==947085== 
==947085== 
==947085== HEAP SUMMARY:
==947085==     in use at exit: 0 bytes in 0 blocks
==947085==   total heap usage: 3,342 allocs, 3,342 frees, 33,652 bytes allocated
==947085== 
==947085== All heap blocks were freed -- no leaks are possible
==947085== 
==947085== For lists of detected and suppressed errors, rerun with: -s
==947085== ERROR SUMMARY: 0 errors from 0 contexts (suppressed: 0 from 0)
