==933316== Memcheck, a memory error detector
==933316== Copyright (C) 2002-2017, and GNU GPL'd, by Julian Seward et al.
==933316== Using Valgrind-3.18.1 and LibVEX; rerun with -h for copyright info
==933316== Command: ./cub3D Cub3D-Destroyer/maps/maps_buged/max_INT_colors_copy_4.cub
==933316== 
Error
Incorrect void next to space
==933316== 
==933316== FILE DESCRIPTORS: 4 open (3 std) at exit.
==933316== Open file descriptor 3: Cub3D-Destroyer/maps/maps_buged/max_INT_colors_copy_4.cub
==933316==    at 0x4BE16EB: open (open64.c:41)
==933316==    by 0x403300: parser (parsing.c:102)
==933316==    by 0x402DD5: main (main.c:247)
==933316== 
==933316== 
==933316== HEAP SUMMARY:
==933316==     in use at exit: 0 bytes in 0 blocks
==933316==   total heap usage: 2,920 allocs, 2,920 frees, 29,112 bytes allocated
==933316== 
==933316== All heap blocks were freed -- no leaks are possible
==933316== 
==933316== For lists of detected and suppressed errors, rerun with: -s
==933316== ERROR SUMMARY: 0 errors from 0 contexts (suppressed: 0 from 0)
