==947102== Memcheck, a memory error detector
==947102== Copyright (C) 2002-2017, and GNU GPL'd, by Julian Seward et al.
==947102== Using Valgrind-3.18.1 and LibVEX; rerun with -h for copyright info
==947102== Command: ./cub3D Cub3D-Destroyer/maps/maps_buged/max_INT_colors_copy_2.cub
==947102== 
Error
Incorrect void next to space
==947102== 
==947102== FILE DESCRIPTORS: 4 open (3 std) at exit.
==947102== Open file descriptor 3: Cub3D-Destroyer/maps/maps_buged/max_INT_colors_copy_2.cub
==947102==    at 0x4BE16EB: open (open64.c:41)
==947102==    by 0x403180: parser (parsing.c:102)
==947102==    by 0x402D08: main (main.c:196)
==947102== 
==947102== 
==947102== HEAP SUMMARY:
==947102==     in use at exit: 0 bytes in 0 blocks
==947102==   total heap usage: 2,938 allocs, 2,938 frees, 29,296 bytes allocated
==947102== 
==947102== All heap blocks were freed -- no leaks are possible
==947102== 
==947102== For lists of detected and suppressed errors, rerun with: -s
==947102== ERROR SUMMARY: 0 errors from 0 contexts (suppressed: 0 from 0)
