==933348== Memcheck, a memory error detector
==933348== Copyright (C) 2002-2017, and GNU GPL'd, by Julian Seward et al.
==933348== Using Valgrind-3.18.1 and LibVEX; rerun with -h for copyright info
==933348== Command: ./cub3D Cub3D-Destroyer/maps/maps_buged/max_INT_colors.cub
==933348== 
Error
Incorrect void next to space
==933348== 
==933348== FILE DESCRIPTORS: 4 open (3 std) at exit.
==933348== Open file descriptor 3: Cub3D-Destroyer/maps/maps_buged/max_INT_colors.cub
==933348==    at 0x4BE16EB: open (open64.c:41)
==933348==    by 0x403300: parser (parsing.c:102)
==933348==    by 0x402DD5: main (main.c:247)
==933348== 
==933348== 
==933348== HEAP SUMMARY:
==933348==     in use at exit: 0 bytes in 0 blocks
==933348==   total heap usage: 2,920 allocs, 2,920 frees, 29,112 bytes allocated
==933348== 
==933348== All heap blocks were freed -- no leaks are possible
==933348== 
==933348== For lists of detected and suppressed errors, rerun with: -s
==933348== ERROR SUMMARY: 0 errors from 0 contexts (suppressed: 0 from 0)
