==774706== Memcheck, a memory error detector
==774706== Copyright (C) 2002-2017, and GNU GPL'd, by Julian Seward et al.
==774706== Using Valgrind-3.18.1 and LibVEX; rerun with -h for copyright info
==774706== Command: ./cub3D Cub3D-Destroyer/maps/maps_buged/max_INT_colors_copy_3.cub
==774706== 
==774706== Conditional jump or move depends on uninitialised value(s)
==774706==    at 0x404374: check_wall (valid_map_close.c:49)
==774706==    by 0x403F43: check_map_wall (valid_map.c:72)
==774706==    by 0x4040FB: check_valid_map (valid_map.c:113)
==774706==    by 0x40317F: main (main.c:112)
==774706== 
==774706== Conditional jump or move depends on uninitialised value(s)
==774706==    at 0x40439A: check_wall (valid_map_close.c:49)
==774706==    by 0x403F43: check_map_wall (valid_map.c:72)
==774706==    by 0x4040FB: check_valid_map (valid_map.c:113)
==774706==    by 0x40317F: main (main.c:112)
==774706== 
==774706== Conditional jump or move depends on uninitialised value(s)
==774706==    at 0x4043B1: check_wall (valid_map_close.c:51)
==774706==    by 0x403F43: check_map_wall (valid_map.c:72)
==774706==    by 0x4040FB: check_valid_map (valid_map.c:113)
==774706==    by 0x40317F: main (main.c:112)
==774706== 
Error
Incorrect close wall
==774706== 
==774706== FILE DESCRIPTORS: 3 open (3 std) at exit.
==774706== 
==774706== HEAP SUMMARY:
==774706==     in use at exit: 0 bytes in 0 blocks
==774706==   total heap usage: 3,106 allocs, 3,106 frees, 30,734 bytes allocated
==774706== 
==774706== All heap blocks were freed -- no leaks are possible
==774706== 
==774706== Use --track-origins=yes to see where uninitialised values come from
==774706== For lists of detected and suppressed errors, rerun with: -s
==774706== ERROR SUMMARY: 3 errors from 3 contexts (suppressed: 0 from 0)
