==774737== Memcheck, a memory error detector
==774737== Copyright (C) 2002-2017, and GNU GPL'd, by Julian Seward et al.
==774737== Using Valgrind-3.18.1 and LibVEX; rerun with -h for copyright info
==774737== Command: ./cub3D Cub3D-Destroyer/maps/maps_buged/max_INT_colors_copy.cub
==774737== 
==774737== Conditional jump or move depends on uninitialised value(s)
==774737==    at 0x404374: check_wall (valid_map_close.c:49)
==774737==    by 0x403F43: check_map_wall (valid_map.c:72)
==774737==    by 0x4040FB: check_valid_map (valid_map.c:113)
==774737==    by 0x40317F: main (main.c:112)
==774737== 
==774737== Conditional jump or move depends on uninitialised value(s)
==774737==    at 0x40439A: check_wall (valid_map_close.c:49)
==774737==    by 0x403F43: check_map_wall (valid_map.c:72)
==774737==    by 0x4040FB: check_valid_map (valid_map.c:113)
==774737==    by 0x40317F: main (main.c:112)
==774737== 
==774737== Conditional jump or move depends on uninitialised value(s)
==774737==    at 0x4043B1: check_wall (valid_map_close.c:51)
==774737==    by 0x403F43: check_map_wall (valid_map.c:72)
==774737==    by 0x4040FB: check_valid_map (valid_map.c:113)
==774737==    by 0x40317F: main (main.c:112)
==774737== 
Error
Incorrect close wall
==774737== 
==774737== FILE DESCRIPTORS: 3 open (3 std) at exit.
==774737== 
==774737== HEAP SUMMARY:
==774737==     in use at exit: 0 bytes in 0 blocks
==774737==   total heap usage: 2,955 allocs, 2,955 frees, 29,228 bytes allocated
==774737== 
==774737== All heap blocks were freed -- no leaks are possible
==774737== 
==774737== Use --track-origins=yes to see where uninitialised values come from
==774737== For lists of detected and suppressed errors, rerun with: -s
==774737== ERROR SUMMARY: 3 errors from 3 contexts (suppressed: 0 from 0)
