==933396== Memcheck, a memory error detector
==933396== Copyright (C) 2002-2017, and GNU GPL'd, by Julian Seward et al.
==933396== Using Valgrind-3.18.1 and LibVEX; rerun with -h for copyright info
==933396== Command: ./cub3D Cub3D-Destroyer/maps/maps_buged/no_rigts.cub
==933396== 
Error
Incorrect void next to space
==933396== 
==933396== FILE DESCRIPTORS: 4 open (3 std) at exit.
==933396== Open file descriptor 3: Cub3D-Destroyer/maps/maps_buged/no_rigts.cub
==933396==    at 0x4BE16EB: open (open64.c:41)
==933396==    by 0x403300: parser (parsing.c:102)
==933396==    by 0x402DD5: main (main.c:247)
==933396== 
==933396== 
==933396== HEAP SUMMARY:
==933396==     in use at exit: 0 bytes in 0 blocks
==933396==   total heap usage: 2,902 allocs, 2,902 frees, 28,956 bytes allocated
==933396== 
==933396== All heap blocks were freed -- no leaks are possible
==933396== 
==933396== For lists of detected and suppressed errors, rerun with: -s
==933396== ERROR SUMMARY: 0 errors from 0 contexts (suppressed: 0 from 0)
