==947233== Memcheck, a memory error detector
==947233== Copyright (C) 2002-2017, and GNU GPL'd, by Julian Seward et al.
==947233== Using Valgrind-3.18.1 and LibVEX; rerun with -h for copyright info
==947233== Command: ./cub3D Cub3D-Destroyer/maps/maps_buged/olors_with__right_nbr_cmmas_misplaced_nbrs.cub
==947233== 
Error
Incorrect void next to space
==947233== 
==947233== FILE DESCRIPTORS: 4 open (3 std) at exit.
==947233== Open file descriptor 3: Cub3D-Destroyer/maps/maps_buged/olors_with__right_nbr_cmmas_misplaced_nbrs.cub
==947233==    at 0x4BE16EB: open (open64.c:41)
==947233==    by 0x403180: parser (parsing.c:102)
==947233==    by 0x402D08: main (main.c:196)
==947233== 
==947233== 
==947233== HEAP SUMMARY:
==947233==     in use at exit: 0 bytes in 0 blocks
==947233==   total heap usage: 2,949 allocs, 2,949 frees, 29,356 bytes allocated
==947233== 
==947233== All heap blocks were freed -- no leaks are possible
==947233== 
==947233== For lists of detected and suppressed errors, rerun with: -s
==947233== ERROR SUMMARY: 0 errors from 0 contexts (suppressed: 0 from 0)
