==947264== Memcheck, a memory error detector
==947264== Copyright (C) 2002-2017, and GNU GPL'd, by Julian Seward et al.
==947264== Using Valgrind-3.18.1 and LibVEX; rerun with -h for copyright info
==947264== Command: ./cub3D Cub3D-Destroyer/maps/maps_buged/overwritten_by_seveeral_texture_per_line_.cub
==947264== 
Error
Incorrect void next to space
==947264== 
==947264== FILE DESCRIPTORS: 4 open (3 std) at exit.
==947264== Open file descriptor 3: Cub3D-Destroyer/maps/maps_buged/overwritten_by_seveeral_texture_per_line_.cub
==947264==    at 0x4BE16EB: open (open64.c:41)
==947264==    by 0x403180: parser (parsing.c:102)
==947264==    by 0x402D08: main (main.c:196)
==947264== 
==947264== 
==947264== HEAP SUMMARY:
==947264==     in use at exit: 0 bytes in 0 blocks
==947264==   total heap usage: 3,202 allocs, 3,202 frees, 31,452 bytes allocated
==947264== 
==947264== All heap blocks were freed -- no leaks are possible
==947264== 
==947264== For lists of detected and suppressed errors, rerun with: -s
==947264== ERROR SUMMARY: 0 errors from 0 contexts (suppressed: 0 from 0)
