==947249== Memcheck, a memory error detector
==947249== Copyright (C) 2002-2017, and GNU GPL'd, by Julian Seward et al.
==947249== Using Valgrind-3.18.1 and LibVEX; rerun with -h for copyright info
==947249== Command: ./cub3D Cub3D-Destroyer/maps/maps_buged/overwritten_by_invalid_texture.cub
==947249== 
Error
Incorrect void next to space
==947249== 
==947249== FILE DESCRIPTORS: 4 open (3 std) at exit.
==947249== Open file descriptor 3: Cub3D-Destroyer/maps/maps_buged/overwritten_by_invalid_texture.cub
==947249==    at 0x4BE16EB: open (open64.c:41)
==947249==    by 0x403180: parser (parsing.c:102)
==947249==    by 0x402D08: main (main.c:196)
==947249== 
==947249== 
==947249== HEAP SUMMARY:
==947249==     in use at exit: 0 bytes in 0 blocks
==947249==   total heap usage: 3,055 allocs, 3,055 frees, 30,243 bytes allocated
==947249== 
==947249== All heap blocks were freed -- no leaks are possible
==947249== 
==947249== For lists of detected and suppressed errors, rerun with: -s
==947249== ERROR SUMMARY: 0 errors from 0 contexts (suppressed: 0 from 0)
