==774869== Memcheck, a memory error detector
==774869== Copyright (C) 2002-2017, and GNU GPL'd, by Julian Seward et al.
==774869== Using Valgrind-3.18.1 and LibVEX; rerun with -h for copyright info
==774869== Command: ./cub3D Cub3D-Destroyer/maps/maps_buged/seveeral_texture_per_line__copy.cub
==774869== 
==774869== Conditional jump or move depends on uninitialised value(s)
==774869==    at 0x404374: check_wall (valid_map_close.c:49)
==774869==    by 0x403F43: check_map_wall (valid_map.c:72)
==774869==    by 0x4040FB: check_valid_map (valid_map.c:113)
==774869==    by 0x40317F: main (main.c:112)
==774869== 
==774869== Conditional jump or move depends on uninitialised value(s)
==774869==    at 0x40439A: check_wall (valid_map_close.c:49)
==774869==    by 0x403F43: check_map_wall (valid_map.c:72)
==774869==    by 0x4040FB: check_valid_map (valid_map.c:113)
==774869==    by 0x40317F: main (main.c:112)
==774869== 
==774869== Conditional jump or move depends on uninitialised value(s)
==774869==    at 0x4043B1: check_wall (valid_map_close.c:51)
==774869==    by 0x403F43: check_map_wall (valid_map.c:72)
==774869==    by 0x4040FB: check_valid_map (valid_map.c:113)
==774869==    by 0x40317F: main (main.c:112)
==774869== 
Error
Incorrect close wall
==774869== 
==774869== FILE DESCRIPTORS: 3 open (3 std) at exit.
==774869== 
==774869== HEAP SUMMARY:
==774869==     in use at exit: 0 bytes in 0 blocks
==774869==   total heap usage: 3,463 allocs, 3,463 frees, 33,813 bytes allocated
==774869== 
==774869== All heap blocks were freed -- no leaks are possible
==774869== 
==774869== Use --track-origins=yes to see where uninitialised values come from
==774869== For lists of detected and suppressed errors, rerun with: -s
==774869== ERROR SUMMARY: 3 errors from 3 contexts (suppressed: 0 from 0)
