==774902== Memcheck, a memory error detector
==774902== Copyright (C) 2002-2017, and GNU GPL'd, by Julian Seward et al.
==774902== Using Valgrind-3.18.1 and LibVEX; rerun with -h for copyright info
==774902== Command: ./cub3D Cub3D-Destroyer/maps/maps_buged/textures_after_map.cub
==774902== 
==774902== Conditional jump or move depends on uninitialised value(s)
==774902==    at 0x404374: check_wall (valid_map_close.c:49)
==774902==    by 0x403F43: check_map_wall (valid_map.c:72)
==774902==    by 0x4040FB: check_valid_map (valid_map.c:113)
==774902==    by 0x40317F: main (main.c:112)
==774902== 
==774902== Conditional jump or move depends on uninitialised value(s)
==774902==    at 0x40439A: check_wall (valid_map_close.c:49)
==774902==    by 0x403F43: check_map_wall (valid_map.c:72)
==774902==    by 0x4040FB: check_valid_map (valid_map.c:113)
==774902==    by 0x40317F: main (main.c:112)
==774902== 
==774902== Conditional jump or move depends on uninitialised value(s)
==774902==    at 0x4043B1: check_wall (valid_map_close.c:51)
==774902==    by 0x403F43: check_map_wall (valid_map.c:72)
==774902==    by 0x4040FB: check_valid_map (valid_map.c:113)
==774902==    by 0x40317F: main (main.c:112)
==774902== 
Error
Incorrect close wall
==774902== 
==774902== FILE DESCRIPTORS: 3 open (3 std) at exit.
==774902== 
==774902== HEAP SUMMARY:
==774902==     in use at exit: 0 bytes in 0 blocks
==774902==   total heap usage: 3,137 allocs, 3,137 frees, 31,108 bytes allocated
==774902== 
==774902== All heap blocks were freed -- no leaks are possible
==774902== 
==774902== Use --track-origins=yes to see where uninitialised values come from
==774902== For lists of detected and suppressed errors, rerun with: -s
==774902== ERROR SUMMARY: 3 errors from 3 contexts (suppressed: 0 from 0)
