==933528== Memcheck, a memory error detector
==933528== Copyright (C) 2002-2017, and GNU GPL'd, by Julian Seward et al.
==933528== Using Valgrind-3.18.1 and LibVEX; rerun with -h for copyright info
==933528== Command: ./cub3D Cub3D-Destroyer/maps/maps_buged/textures_before_and_split_map.cub
==933528== 
Error
Incorrect void next to space
==933528== 
==933528== FILE DESCRIPTORS: 4 open (3 std) at exit.
==933528== Open file descriptor 3: Cub3D-Destroyer/maps/maps_buged/textures_before_and_split_map.cub
==933528==    at 0x4BE16EB: open (open64.c:41)
==933528==    by 0x403300: parser (parsing.c:102)
==933528==    by 0x402DD5: main (main.c:247)
==933528== 
==933528== 
==933528== HEAP SUMMARY:
==933528==     in use at exit: 0 bytes in 0 blocks
==933528==   total heap usage: 3,196 allocs, 3,196 frees, 31,352 bytes allocated
==933528== 
==933528== All heap blocks were freed -- no leaks are possible
==933528== 
==933528== For lists of detected and suppressed errors, rerun with: -s
==933528== ERROR SUMMARY: 0 errors from 0 contexts (suppressed: 0 from 0)
