==774952== Memcheck, a memory error detector
==774952== Copyright (C) 2002-2017, and GNU GPL'd, by Julian Seward et al.
==774952== Using Valgrind-3.18.1 and LibVEX; rerun with -h for copyright info
==774952== Command: ./cub3D Cub3D-Destroyer/maps/maps_buged/textures_before_split_and_after_map.cub
==774952== 
==774952== Conditional jump or move depends on uninitialised value(s)
==774952==    at 0x404374: check_wall (valid_map_close.c:49)
==774952==    by 0x403F43: check_map_wall (valid_map.c:72)
==774952==    by 0x4040FB: check_valid_map (valid_map.c:113)
==774952==    by 0x40317F: main (main.c:112)
==774952== 
==774952== Conditional jump or move depends on uninitialised value(s)
==774952==    at 0x40439A: check_wall (valid_map_close.c:49)
==774952==    by 0x403F43: check_map_wall (valid_map.c:72)
==774952==    by 0x4040FB: check_valid_map (valid_map.c:113)
==774952==    by 0x40317F: main (main.c:112)
==774952== 
==774952== Conditional jump or move depends on uninitialised value(s)
==774952==    at 0x4043B1: check_wall (valid_map_close.c:51)
==774952==    by 0x403F43: check_map_wall (valid_map.c:72)
==774952==    by 0x4040FB: check_valid_map (valid_map.c:113)
==774952==    by 0x40317F: main (main.c:112)
==774952== 
Error
Incorrect close wall
==774952== 
==774952== FILE DESCRIPTORS: 3 open (3 std) at exit.
==774952== 
==774952== HEAP SUMMARY:
==774952==     in use at exit: 0 bytes in 0 blocks
==774952==   total heap usage: 3,618 allocs, 3,618 frees, 35,017 bytes allocated
==774952== 
==774952== All heap blocks were freed -- no leaks are possible
==774952== 
==774952== Use --track-origins=yes to see where uninitialised values come from
==774952== For lists of detected and suppressed errors, rerun with: -s
==774952== ERROR SUMMARY: 3 errors from 3 contexts (suppressed: 0 from 0)
