==774884== Memcheck, a memory error detector
==774884== Copyright (C) 2002-2017, and GNU GPL'd, by Julian Seward et al.
==774884== Using Valgrind-3.18.1 and LibVEX; rerun with -h for copyright info
==774884== Command: ./cub3D Cub3D-Destroyer/maps/maps_buged/texture_overwritten_by_protected_texture_copy.cub
==774884== 
==774884== Conditional jump or move depends on uninitialised value(s)
==774884==    at 0x404374: check_wall (valid_map_close.c:49)
==774884==    by 0x403F43: check_map_wall (valid_map.c:72)
==774884==    by 0x4040FB: check_valid_map (valid_map.c:113)
==774884==    by 0x40317F: main (main.c:112)
==774884== 
==774884== Conditional jump or move depends on uninitialised value(s)
==774884==    at 0x40439A: check_wall (valid_map_close.c:49)
==774884==    by 0x403F43: check_map_wall (valid_map.c:72)
==774884==    by 0x4040FB: check_valid_map (valid_map.c:113)
==774884==    by 0x40317F: main (main.c:112)
==774884== 
==774884== Conditional jump or move depends on uninitialised value(s)
==774884==    at 0x4043B1: check_wall (valid_map_close.c:51)
==774884==    by 0x403F43: check_map_wall (valid_map.c:72)
==774884==    by 0x4040FB: check_valid_map (valid_map.c:113)
==774884==    by 0x40317F: main (main.c:112)
==774884== 
Error
Incorrect close wall
==774884== 
==774884== FILE DESCRIPTORS: 3 open (3 std) at exit.
==774884== 
==774884== HEAP SUMMARY:
==774884==     in use at exit: 0 bytes in 0 blocks
==774884==   total heap usage: 3,361 allocs, 3,361 frees, 32,920 bytes allocated
==774884== 
==774884== All heap blocks were freed -- no leaks are possible
==774884== 
==774884== Use --track-origins=yes to see where uninitialised values come from
==774884== For lists of detected and suppressed errors, rerun with: -s
==774884== ERROR SUMMARY: 3 errors from 3 contexts (suppressed: 0 from 0)
