==933560== Memcheck, a memory error detector
==933560== Copyright (C) 2002-2017, and GNU GPL'd, by Julian Seward et al.
==933560== Using Valgrind-3.18.1 and LibVEX; rerun with -h for copyright info
==933560== Command: ./cub3D Cub3D-Destroyer/maps/maps_buged/texture_split_the_map.cub
==933560== 
Error
Incorrect void next to space
==933560== 
==933560== FILE DESCRIPTORS: 4 open (3 std) at exit.
==933560== Open file descriptor 3: Cub3D-Destroyer/maps/maps_buged/texture_split_the_map.cub
==933560==    at 0x4BE16EB: open (open64.c:41)
==933560==    by 0x403300: parser (parsing.c:102)
==933560==    by 0x402DD5: main (main.c:247)
==933560== 
==933560== 
==933560== HEAP SUMMARY:
==933560==     in use at exit: 0 bytes in 0 blocks
==933560==   total heap usage: 3,196 allocs, 3,196 frees, 31,352 bytes allocated
==933560== 
==933560== All heap blocks were freed -- no leaks are possible
==933560== 
==933560== For lists of detected and suppressed errors, rerun with: -s
==933560== ERROR SUMMARY: 0 errors from 0 contexts (suppressed: 0 from 0)
