==947326== Memcheck, a memory error detector
==947326== Copyright (C) 2002-2017, and GNU GPL'd, by Julian Seward et al.
==947326== Using Valgrind-3.18.1 and LibVEX; rerun with -h for copyright info
==947326== Command: ./cub3D Cub3D-Destroyer/maps/maps_buged/textures_before_and_after_map.cub
==947326== 
Error
Incorrect character after map
==947326== 
==947326== FILE DESCRIPTORS: 4 open (3 std) at exit.
==947326== Open file descriptor 3: Cub3D-Destroyer/maps/maps_buged/textures_before_and_after_map.cub
==947326==    at 0x4BE16EB: open (open64.c:41)
==947326==    by 0x403180: parser (parsing.c:102)
==947326==    by 0x402D08: main (main.c:196)
==947326== 
==947326== 
==947326== HEAP SUMMARY:
==947326==     in use at exit: 0 bytes in 0 blocks
==947326==   total heap usage: 3,202 allocs, 3,202 frees, 31,398 bytes allocated
==947326== 
==947326== All heap blocks were freed -- no leaks are possible
==947326== 
==947326== For lists of detected and suppressed errors, rerun with: -s
==947326== ERROR SUMMARY: 0 errors from 0 contexts (suppressed: 0 from 0)
