==947471== Memcheck, a memory error detector
==947471== Copyright (C) 2002-2017, and GNU GPL'd, by Julian Seward et al.
==947471== Using Valgrind-3.18.1 and LibVEX; rerun with -h for copyright info
==947471== Command: ./cub3D Cub3D-Destroyer/maps/maps_buged/unexistent_texture.cub
==947471== 
Error
Incorrect void next to space
==947471== 
==947471== FILE DESCRIPTORS: 4 open (3 std) at exit.
==947471== Open file descriptor 3: Cub3D-Destroyer/maps/maps_buged/unexistent_texture.cub
==947471==    at 0x4BE16EB: open (open64.c:41)
==947471==    by 0x403180: parser (parsing.c:102)
==947471==    by 0x402D08: main (main.c:196)
==947471== 
==947471== 
==947471== HEAP SUMMARY:
==947471==     in use at exit: 0 bytes in 0 blocks
==947471==   total heap usage: 2,866 allocs, 2,866 frees, 28,644 bytes allocated
==947471== 
==947471== All heap blocks were freed -- no leaks are possible
==947471== 
==947471== For lists of detected and suppressed errors, rerun with: -s
==947471== ERROR SUMMARY: 0 errors from 0 contexts (suppressed: 0 from 0)
