==774985== Memcheck, a memory error detector
==774985== Copyright (C) 2002-2017, and GNU GPL'd, by Julian Seward et al.
==774985== Using Valgrind-3.18.1 and LibVEX; rerun with -h for copyright info
==774985== Command: ./cub3D Cub3D-Destroyer/maps/maps_buged/unexistent_texture_copy_2.cub
==774985== 
==774985== Conditional jump or move depends on uninitialised value(s)
==774985==    at 0x404374: check_wall (valid_map_close.c:49)
==774985==    by 0x403F43: check_map_wall (valid_map.c:72)
==774985==    by 0x4040FB: check_valid_map (valid_map.c:113)
==774985==    by 0x40317F: main (main.c:112)
==774985== 
==774985== Conditional jump or move depends on uninitialised value(s)
==774985==    at 0x40439A: check_wall (valid_map_close.c:49)
==774985==    by 0x403F43: check_map_wall (valid_map.c:72)
==774985==    by 0x4040FB: check_valid_map (valid_map.c:113)
==774985==    by 0x40317F: main (main.c:112)
==774985== 
==774985== Conditional jump or move depends on uninitialised value(s)
==774985==    at 0x4043B1: check_wall (valid_map_close.c:51)
==774985==    by 0x403F43: check_map_wall (valid_map.c:72)
==774985==    by 0x4040FB: check_valid_map (valid_map.c:113)
==774985==    by 0x40317F: main (main.c:112)
==774985== 
Error
Incorrect close wall
==774985== 
==774985== FILE DESCRIPTORS: 3 open (3 std) at exit.
==774985== 
==774985== HEAP SUMMARY:
==774985==     in use at exit: 0 bytes in 0 blocks
==774985==   total heap usage: 2,992 allocs, 2,992 frees, 29,808 bytes allocated
==774985== 
==774985== All heap blocks were freed -- no leaks are possible
==774985== 
==774985== Use --track-origins=yes to see where uninitialised values come from
==774985== For lists of detected and suppressed errors, rerun with: -s
==774985== ERROR SUMMARY: 3 errors from 3 contexts (suppressed: 0 from 0)
