==947422== Memcheck, a memory error detector
==947422== Copyright (C) 2002-2017, and GNU GPL'd, by Julian Seward et al.
==947422== Using Valgrind-3.18.1 and LibVEX; rerun with -h for copyright info
==947422== Command: ./cub3D Cub3D-Destroyer/maps/maps_buged/unexistent_texture_copy.cub
==947422== 
Error
Incorrect void next to space
==947422== 
==947422== FILE DESCRIPTORS: 4 open (3 std) at exit.
==947422== Open file descriptor 3: Cub3D-Destroyer/maps/maps_buged/unexistent_texture_copy.cub
==947422==    at 0x4BE16EB: open (open64.c:41)
==947422==    by 0x403180: parser (parsing.c:102)
==947422==    by 0x402D08: main (main.c:196)
==947422== 
==947422== 
==947422== HEAP SUMMARY:
==947422==     in use at exit: 0 bytes in 0 blocks
==947422==   total heap usage: 2,848 allocs, 2,848 frees, 28,488 bytes allocated
==947422== 
==947422== All heap blocks were freed -- no leaks are possible
==947422== 
==947422== For lists of detected and suppressed errors, rerun with: -s
==947422== ERROR SUMMARY: 0 errors from 0 contexts (suppressed: 0 from 0)
