==947456== Memcheck, a memory error detector
==947456== Copyright (C) 2002-2017, and GNU GPL'd, by Julian Seward et al.
==947456== Using Valgrind-3.18.1 and LibVEX; rerun with -h for copyright info
==947456== Command: ./cub3D Cub3D-Destroyer/maps/maps_buged/unexistent_texture_copy__overwritten_twice.cub
==947456== 
Error
Incorrect void next to space
==947456== 
==947456== FILE DESCRIPTORS: 4 open (3 std) at exit.
==947456== Open file descriptor 3: Cub3D-Destroyer/maps/maps_buged/unexistent_texture_copy__overwritten_twice.cub
==947456==    at 0x4BE16EB: open (open64.c:41)
==947456==    by 0x403180: parser (parsing.c:102)
==947456==    by 0x402D08: main (main.c:196)
==947456== 
==947456== 
==947456== HEAP SUMMARY:
==947456==     in use at exit: 0 bytes in 0 blocks
==947456==   total heap usage: 3,022 allocs, 3,022 frees, 29,927 bytes allocated
==947456== 
==947456== All heap blocks were freed -- no leaks are possible
==947456== 
==947456== For lists of detected and suppressed errors, rerun with: -s
==947456== ERROR SUMMARY: 0 errors from 0 contexts (suppressed: 0 from 0)
