==933625== Memcheck, a memory error detector
==933625== Copyright (C) 2002-2017, and GNU GPL'd, by Julian Seward et al.
==933625== Using Valgrind-3.18.1 and LibVEX; rerun with -h for copyright info
==933625== Command: ./cub3D Cub3D-Destroyer/maps/maps_buged/unexistent_texture_copy__overwritten.cub
==933625== 
Error
Incorrect void next to space
==933625== 
==933625== FILE DESCRIPTORS: 4 open (3 std) at exit.
==933625== Open file descriptor 3: Cub3D-Destroyer/maps/maps_buged/unexistent_texture_copy__overwritten.cub
==933625==    at 0x4BE16EB: open (open64.c:41)
==933625==    by 0x403300: parser (parsing.c:102)
==933625==    by 0x402DD5: main (main.c:247)
==933625== 
==933625== 
==933625== HEAP SUMMARY:
==933625==     in use at exit: 0 bytes in 0 blocks
==933625==   total heap usage: 2,869 allocs, 2,869 frees, 28,651 bytes allocated
==933625== 
==933625== All heap blocks were freed -- no leaks are possible
==933625== 
==933625== For lists of detected and suppressed errors, rerun with: -s
==933625== ERROR SUMMARY: 0 errors from 0 contexts (suppressed: 0 from 0)
