==933595== Memcheck, a memory error detector
==933595== Copyright (C) 2002-2017, and GNU GPL'd, by Julian Seward et al.
==933595== Using Valgrind-3.18.1 and LibVEX; rerun with -h for copyright info
==933595== Command: ./cub3D Cub3D-Destroyer/maps/maps_buged/unexistent_texture_copy_3.cub
==933595== 
Error
Incorrect void next to space
==933595== 
==933595== FILE DESCRIPTORS: 4 open (3 std) at exit.
==933595== Open file descriptor 3: Cub3D-Destroyer/maps/maps_buged/unexistent_texture_copy_3.cub
==933595==    at 0x4BE16EB: open (open64.c:41)
==933595==    by 0x403300: parser (parsing.c:102)
==933595==    by 0x402DD5: main (main.c:247)
==933595== 
==933595== 
==933595== HEAP SUMMARY:
==933595==     in use at exit: 0 bytes in 0 blocks
==933595==   total heap usage: 2,848 allocs, 2,848 frees, 28,488 bytes allocated
==933595== 
==933595== All heap blocks were freed -- no leaks are possible
==933595== 
==933595== For lists of detected and suppressed errors, rerun with: -s
==933595== ERROR SUMMARY: 0 errors from 0 contexts (suppressed: 0 from 0)
