==947617== Memcheck, a memory error detector
==947617== Copyright (C) 2002-2017, and GNU GPL'd, by Julian Seward et al.
==947617== Using Valgrind-3.18.1 and LibVEX; rerun with -h for copyright info
==947617== Command: ./cub3D Cub3D-Destroyer/maps/maps_buged/white_spaces_everywhere.cub
==947617== 
Error
Incorrect character after map
==947617== 
==947617== FILE DESCRIPTORS: 4 open (3 std) at exit.
==947617== Open file descriptor 3: Cub3D-Destroyer/maps/maps_buged/white_spaces_everywhere.cub
==947617==    at 0x4BE16EB: open (open64.c:41)
==947617==    by 0x403180: parser (parsing.c:102)
==947617==    by 0x402D08: main (main.c:196)
==947617== 
==947617== 
==947617== HEAP SUMMARY:
==947617==     in use at exit: 0 bytes in 0 blocks
==947617==   total heap usage: 3,489 allocs, 3,489 frees, 29,001 bytes allocated
==947617== 
==947617== All heap blocks were freed -- no leaks are possible
==947617== 
==947617== For lists of detected and suppressed errors, rerun with: -s
==947617== ERROR SUMMARY: 0 errors from 0 contexts (suppressed: 0 from 0)
