==933784== Memcheck, a memory error detector
==933784== Copyright (C) 2002-2017, and GNU GPL'd, by Julian Seward et al.
==933784== Using Valgrind-3.18.1 and LibVEX; rerun with -h for copyright info
==933784== Command: ./cub3D Cub3D-Destroyer/maps/maps_buged/white_spaces.cub
==933784== 
Error
Incorrect void next to space
==933784== 
==933784== FILE DESCRIPTORS: 4 open (3 std) at exit.
==933784== Open file descriptor 3: Cub3D-Destroyer/maps/maps_buged/white_spaces.cub
==933784==    at 0x4BE16EB: open (open64.c:41)
==933784==    by 0x403300: parser (parsing.c:102)
==933784==    by 0x402DD5: main (main.c:247)
==933784== 
==933784== 
==933784== HEAP SUMMARY:
==933784==     in use at exit: 0 bytes in 0 blocks
==933784==   total heap usage: 3,047 allocs, 3,047 frees, 30,145 bytes allocated
==933784== 
==933784== All heap blocks were freed -- no leaks are possible
==933784== 
==933784== For lists of detected and suppressed errors, rerun with: -s
==933784== ERROR SUMMARY: 0 errors from 0 contexts (suppressed: 0 from 0)
